2025-01-22 17:07:38,134 - INFO - 
Testing temperature: 0.05
2025-01-22 17:07:38,134 - INFO - Starting experiment with config: {'batch_size': 1024, 'embed_dim': 64, 'n_layers': 2, 'learning_rate': 0.001, 'num_epochs': 50, 'temperature': 0.05, 'lambda_coef': 0.5, 'eval_frequency': 5, 'early_stop_patience': 10}
2025-01-22 17:07:38,209 - INFO - Using device: cuda:3
2025-01-22 17:07:38,221 - INFO - Dataset loaded: 29601 users, 24734 items
2025-01-22 17:07:49,168 - ERROR - GPU OOM at epoch 1. Trying to recover...
2025-01-22 17:07:49,611 - ERROR - GPU OOM at epoch 2. Trying to recover...
2025-01-22 17:07:50,117 - ERROR - GPU OOM at epoch 3. Trying to recover...
2025-01-22 17:07:50,627 - ERROR - GPU OOM at epoch 4. Trying to recover...
2025-01-22 17:07:51,136 - ERROR - GPU OOM at epoch 5. Trying to recover...
2025-01-22 17:07:51,645 - ERROR - GPU OOM at epoch 6. Trying to recover...
2025-01-22 17:07:52,152 - ERROR - GPU OOM at epoch 7. Trying to recover...
2025-01-22 17:07:52,659 - ERROR - GPU OOM at epoch 8. Trying to recover...
2025-01-22 17:07:53,166 - ERROR - GPU OOM at epoch 9. Trying to recover...
2025-01-22 17:07:53,674 - ERROR - GPU OOM at epoch 10. Trying to recover...
2025-01-22 17:07:54,182 - ERROR - GPU OOM at epoch 11. Trying to recover...
2025-01-22 17:07:54,691 - ERROR - GPU OOM at epoch 12. Trying to recover...
2025-01-22 17:07:55,199 - ERROR - GPU OOM at epoch 13. Trying to recover...
2025-01-22 17:07:55,706 - ERROR - GPU OOM at epoch 14. Trying to recover...
2025-01-22 17:07:56,219 - ERROR - GPU OOM at epoch 15. Trying to recover...
2025-01-22 17:07:56,727 - ERROR - GPU OOM at epoch 16. Trying to recover...
2025-01-22 17:07:57,237 - ERROR - GPU OOM at epoch 17. Trying to recover...
2025-01-22 17:07:57,745 - ERROR - GPU OOM at epoch 18. Trying to recover...
2025-01-22 17:07:58,253 - ERROR - GPU OOM at epoch 19. Trying to recover...
2025-01-22 17:07:58,761 - ERROR - GPU OOM at epoch 20. Trying to recover...
2025-01-22 17:07:59,269 - ERROR - GPU OOM at epoch 21. Trying to recover...
2025-01-22 17:07:59,778 - ERROR - GPU OOM at epoch 22. Trying to recover...
2025-01-22 17:08:00,289 - ERROR - GPU OOM at epoch 23. Trying to recover...
2025-01-22 17:08:00,797 - ERROR - GPU OOM at epoch 24. Trying to recover...
2025-01-22 17:08:01,309 - ERROR - GPU OOM at epoch 25. Trying to recover...
2025-01-22 17:08:01,820 - ERROR - GPU OOM at epoch 26. Trying to recover...
2025-01-22 17:08:02,331 - ERROR - GPU OOM at epoch 27. Trying to recover...
2025-01-22 17:08:02,841 - ERROR - GPU OOM at epoch 28. Trying to recover...
2025-01-22 17:08:03,351 - ERROR - GPU OOM at epoch 29. Trying to recover...
2025-01-22 17:08:03,860 - ERROR - GPU OOM at epoch 30. Trying to recover...
2025-01-22 17:08:04,370 - ERROR - GPU OOM at epoch 31. Trying to recover...
2025-01-22 17:08:04,882 - ERROR - GPU OOM at epoch 32. Trying to recover...
2025-01-22 17:08:05,395 - ERROR - GPU OOM at epoch 33. Trying to recover...
2025-01-22 17:08:05,906 - ERROR - GPU OOM at epoch 34. Trying to recover...
2025-01-22 17:08:06,423 - ERROR - GPU OOM at epoch 35. Trying to recover...
2025-01-22 17:08:06,933 - ERROR - GPU OOM at epoch 36. Trying to recover...
2025-01-22 17:08:07,441 - ERROR - GPU OOM at epoch 37. Trying to recover...
2025-01-22 17:08:07,952 - ERROR - GPU OOM at epoch 38. Trying to recover...
2025-01-22 17:08:08,460 - ERROR - GPU OOM at epoch 39. Trying to recover...
2025-01-22 17:08:08,969 - ERROR - GPU OOM at epoch 40. Trying to recover...
2025-01-22 17:08:09,479 - ERROR - GPU OOM at epoch 41. Trying to recover...
2025-01-22 17:08:09,990 - ERROR - GPU OOM at epoch 42. Trying to recover...
2025-01-22 17:08:10,505 - ERROR - GPU OOM at epoch 43. Trying to recover...
2025-01-22 17:08:11,015 - ERROR - GPU OOM at epoch 44. Trying to recover...
2025-01-22 17:08:11,533 - ERROR - GPU OOM at epoch 45. Trying to recover...
2025-01-22 17:08:12,043 - ERROR - GPU OOM at epoch 46. Trying to recover...
2025-01-22 17:08:12,553 - ERROR - GPU OOM at epoch 47. Trying to recover...
2025-01-22 17:08:13,065 - ERROR - GPU OOM at epoch 48. Trying to recover...
2025-01-22 17:08:13,577 - ERROR - GPU OOM at epoch 49. Trying to recover...
2025-01-22 17:08:14,089 - ERROR - GPU OOM at epoch 50. Trying to recover...
2025-01-22 17:08:23,897 - INFO - Final Test Results - Recall@20: 0.0125, NDCG@20: 0.0105
2025-01-22 17:08:23,897 - INFO - Best Results - Recall@20: 0.0000, NDCG@20: 0.0000
2025-01-22 17:08:23,961 - INFO - 
Testing temperature: 0.1
2025-01-22 17:08:23,962 - INFO - Starting experiment with config: {'batch_size': 1024, 'embed_dim': 64, 'n_layers': 2, 'learning_rate': 0.001, 'num_epochs': 50, 'temperature': 0.1, 'lambda_coef': 0.5, 'eval_frequency': 5, 'early_stop_patience': 10}
2025-01-22 17:08:23,962 - INFO - Using device: cuda:3
2025-01-22 17:08:23,972 - INFO - Dataset loaded: 29601 users, 24734 items
2025-01-22 17:08:33,606 - ERROR - GPU OOM at epoch 1. Trying to recover...
2025-01-22 17:08:34,114 - ERROR - GPU OOM at epoch 2. Trying to recover...
2025-01-22 17:08:34,628 - ERROR - GPU OOM at epoch 3. Trying to recover...
2025-01-22 17:08:35,145 - ERROR - GPU OOM at epoch 4. Trying to recover...
2025-01-22 17:08:35,658 - ERROR - GPU OOM at epoch 5. Trying to recover...
2025-01-22 17:08:36,171 - ERROR - GPU OOM at epoch 6. Trying to recover...
2025-01-22 17:08:36,684 - ERROR - GPU OOM at epoch 7. Trying to recover...
2025-01-22 17:08:37,206 - ERROR - GPU OOM at epoch 8. Trying to recover...
2025-01-22 17:08:37,716 - ERROR - GPU OOM at epoch 9. Trying to recover...
2025-01-22 17:08:38,228 - ERROR - GPU OOM at epoch 10. Trying to recover...
2025-01-22 17:08:38,743 - ERROR - GPU OOM at epoch 11. Trying to recover...
2025-01-22 17:08:39,255 - ERROR - GPU OOM at epoch 12. Trying to recover...
2025-01-22 17:08:39,766 - ERROR - GPU OOM at epoch 13. Trying to recover...
2025-01-22 17:08:40,279 - ERROR - GPU OOM at epoch 14. Trying to recover...
2025-01-22 17:08:40,792 - ERROR - GPU OOM at epoch 15. Trying to recover...
2025-01-22 17:08:41,305 - ERROR - GPU OOM at epoch 16. Trying to recover...
2025-01-22 17:08:41,818 - ERROR - GPU OOM at epoch 17. Trying to recover...
2025-01-22 17:08:42,334 - ERROR - GPU OOM at epoch 18. Trying to recover...
2025-01-22 17:08:42,848 - ERROR - GPU OOM at epoch 19. Trying to recover...
2025-01-22 17:08:43,362 - ERROR - GPU OOM at epoch 20. Trying to recover...
2025-01-22 17:08:43,875 - ERROR - GPU OOM at epoch 21. Trying to recover...
2025-01-22 17:08:44,389 - ERROR - GPU OOM at epoch 22. Trying to recover...
2025-01-22 17:08:44,901 - ERROR - GPU OOM at epoch 23. Trying to recover...
2025-01-22 17:08:45,414 - ERROR - GPU OOM at epoch 24. Trying to recover...
2025-01-22 17:08:45,928 - ERROR - GPU OOM at epoch 25. Trying to recover...
2025-01-22 17:08:46,442 - ERROR - GPU OOM at epoch 26. Trying to recover...
2025-01-22 17:08:46,958 - ERROR - GPU OOM at epoch 27. Trying to recover...
2025-01-22 17:08:47,475 - ERROR - GPU OOM at epoch 28. Trying to recover...
2025-01-22 17:08:47,987 - ERROR - GPU OOM at epoch 29. Trying to recover...
2025-01-22 17:08:48,502 - ERROR - GPU OOM at epoch 30. Trying to recover...
2025-01-22 17:08:49,016 - ERROR - GPU OOM at epoch 31. Trying to recover...
2025-01-22 17:08:49,530 - ERROR - GPU OOM at epoch 32. Trying to recover...
2025-01-22 17:08:50,045 - ERROR - GPU OOM at epoch 33. Trying to recover...
2025-01-22 17:08:50,565 - ERROR - GPU OOM at epoch 34. Trying to recover...
2025-01-22 17:08:51,081 - ERROR - GPU OOM at epoch 35. Trying to recover...
2025-01-22 17:08:51,595 - ERROR - GPU OOM at epoch 36. Trying to recover...
2025-01-22 17:08:52,112 - ERROR - GPU OOM at epoch 37. Trying to recover...
2025-01-22 17:08:52,627 - ERROR - GPU OOM at epoch 38. Trying to recover...
2025-01-22 17:08:53,142 - ERROR - GPU OOM at epoch 39. Trying to recover...
2025-01-22 17:08:53,655 - ERROR - GPU OOM at epoch 40. Trying to recover...
2025-01-22 17:08:54,171 - ERROR - GPU OOM at epoch 41. Trying to recover...
2025-01-22 17:08:54,687 - ERROR - GPU OOM at epoch 42. Trying to recover...
2025-01-22 17:08:55,203 - ERROR - GPU OOM at epoch 43. Trying to recover...
2025-01-22 17:08:55,719 - ERROR - GPU OOM at epoch 44. Trying to recover...
2025-01-22 17:08:56,237 - ERROR - GPU OOM at epoch 45. Trying to recover...
2025-01-22 17:08:56,753 - ERROR - GPU OOM at epoch 46. Trying to recover...
2025-01-22 17:08:57,269 - ERROR - GPU OOM at epoch 47. Trying to recover...
2025-01-22 17:08:57,781 - ERROR - GPU OOM at epoch 48. Trying to recover...
2025-01-22 17:08:58,297 - ERROR - GPU OOM at epoch 49. Trying to recover...
2025-01-22 17:08:58,812 - ERROR - GPU OOM at epoch 50. Trying to recover...
2025-01-22 17:09:08,561 - INFO - Final Test Results - Recall@20: 0.0110, NDCG@20: 0.0092
2025-01-22 17:09:08,561 - INFO - Best Results - Recall@20: 0.0000, NDCG@20: 0.0000
2025-01-22 17:09:08,616 - INFO - 
Testing temperature: 0.2
2025-01-22 17:09:08,616 - INFO - Starting experiment with config: {'batch_size': 1024, 'embed_dim': 64, 'n_layers': 2, 'learning_rate': 0.001, 'num_epochs': 50, 'temperature': 0.2, 'lambda_coef': 0.5, 'eval_frequency': 5, 'early_stop_patience': 10}
2025-01-22 17:09:08,616 - INFO - Using device: cuda:3
2025-01-22 17:09:08,625 - INFO - Dataset loaded: 29601 users, 24734 items
2025-01-22 17:09:18,288 - ERROR - GPU OOM at epoch 1. Trying to recover...
2025-01-22 17:09:18,800 - ERROR - GPU OOM at epoch 2. Trying to recover...
2025-01-22 17:09:19,314 - ERROR - GPU OOM at epoch 3. Trying to recover...
2025-01-22 17:09:19,829 - ERROR - GPU OOM at epoch 4. Trying to recover...
2025-01-22 17:09:20,343 - ERROR - GPU OOM at epoch 5. Trying to recover...
2025-01-22 17:09:20,858 - ERROR - GPU OOM at epoch 6. Trying to recover...
2025-01-22 17:09:21,372 - ERROR - GPU OOM at epoch 7. Trying to recover...
2025-01-22 17:09:21,886 - ERROR - GPU OOM at epoch 8. Trying to recover...
2025-01-22 17:09:22,401 - ERROR - GPU OOM at epoch 9. Trying to recover...
2025-01-22 17:09:22,914 - ERROR - GPU OOM at epoch 10. Trying to recover...
2025-01-22 17:09:23,429 - ERROR - GPU OOM at epoch 11. Trying to recover...
2025-01-22 17:09:23,943 - ERROR - GPU OOM at epoch 12. Trying to recover...
2025-01-22 17:09:24,457 - ERROR - GPU OOM at epoch 13. Trying to recover...
2025-01-22 17:09:24,972 - ERROR - GPU OOM at epoch 14. Trying to recover...
2025-01-22 17:09:25,488 - ERROR - GPU OOM at epoch 15. Trying to recover...
2025-01-22 17:09:26,003 - ERROR - GPU OOM at epoch 16. Trying to recover...
2025-01-22 17:09:26,518 - ERROR - GPU OOM at epoch 17. Trying to recover...
2025-01-22 17:09:27,033 - ERROR - GPU OOM at epoch 18. Trying to recover...
2025-01-22 17:09:27,549 - ERROR - GPU OOM at epoch 19. Trying to recover...
2025-01-22 17:09:28,066 - ERROR - GPU OOM at epoch 20. Trying to recover...
2025-01-22 17:09:28,581 - ERROR - GPU OOM at epoch 21. Trying to recover...
2025-01-22 17:09:29,096 - ERROR - GPU OOM at epoch 22. Trying to recover...
2025-01-22 17:09:29,612 - ERROR - GPU OOM at epoch 23. Trying to recover...
2025-01-22 17:09:30,129 - ERROR - GPU OOM at epoch 24. Trying to recover...
2025-01-22 17:09:30,646 - ERROR - GPU OOM at epoch 25. Trying to recover...
2025-01-22 17:09:31,161 - ERROR - GPU OOM at epoch 26. Trying to recover...
2025-01-22 17:09:31,677 - ERROR - GPU OOM at epoch 27. Trying to recover...
2025-01-22 17:09:32,191 - ERROR - GPU OOM at epoch 28. Trying to recover...
2025-01-22 17:09:32,706 - ERROR - GPU OOM at epoch 29. Trying to recover...
2025-01-22 17:09:33,224 - ERROR - GPU OOM at epoch 30. Trying to recover...
2025-01-22 17:09:33,740 - ERROR - GPU OOM at epoch 31. Trying to recover...
2025-01-22 17:09:34,254 - ERROR - GPU OOM at epoch 32. Trying to recover...
2025-01-22 17:09:34,770 - ERROR - GPU OOM at epoch 33. Trying to recover...
2025-01-22 17:09:35,285 - ERROR - GPU OOM at epoch 34. Trying to recover...
2025-01-22 17:09:35,802 - ERROR - GPU OOM at epoch 35. Trying to recover...
2025-01-22 17:09:36,318 - ERROR - GPU OOM at epoch 36. Trying to recover...
2025-01-22 17:09:36,833 - ERROR - GPU OOM at epoch 37. Trying to recover...
2025-01-22 17:09:37,350 - ERROR - GPU OOM at epoch 38. Trying to recover...
2025-01-22 17:09:37,867 - ERROR - GPU OOM at epoch 39. Trying to recover...
2025-01-22 17:09:38,381 - ERROR - GPU OOM at epoch 40. Trying to recover...
2025-01-22 17:09:38,898 - ERROR - GPU OOM at epoch 41. Trying to recover...
2025-01-22 17:09:39,413 - ERROR - GPU OOM at epoch 42. Trying to recover...
2025-01-22 17:09:39,929 - ERROR - GPU OOM at epoch 43. Trying to recover...
2025-01-22 17:09:40,449 - ERROR - GPU OOM at epoch 44. Trying to recover...
2025-01-22 17:09:40,965 - ERROR - GPU OOM at epoch 45. Trying to recover...
2025-01-22 17:09:41,481 - ERROR - GPU OOM at epoch 46. Trying to recover...
2025-01-22 17:09:41,997 - ERROR - GPU OOM at epoch 47. Trying to recover...
2025-01-22 17:09:42,513 - ERROR - GPU OOM at epoch 48. Trying to recover...
2025-01-22 17:09:43,028 - ERROR - GPU OOM at epoch 49. Trying to recover...
2025-01-22 17:09:43,544 - ERROR - GPU OOM at epoch 50. Trying to recover...
2025-01-22 17:09:53,351 - INFO - Final Test Results - Recall@20: 0.0083, NDCG@20: 0.0067
2025-01-22 17:09:53,351 - INFO - Best Results - Recall@20: 0.0000, NDCG@20: 0.0000
2025-01-22 17:09:53,401 - INFO - 
Testing temperature: 0.5
2025-01-22 17:09:53,401 - INFO - Starting experiment with config: {'batch_size': 1024, 'embed_dim': 64, 'n_layers': 2, 'learning_rate': 0.001, 'num_epochs': 50, 'temperature': 0.5, 'lambda_coef': 0.5, 'eval_frequency': 5, 'early_stop_patience': 10}
2025-01-22 17:09:53,401 - INFO - Using device: cuda:3
2025-01-22 17:09:53,409 - INFO - Dataset loaded: 29601 users, 24734 items
2025-01-22 17:10:03,065 - ERROR - GPU OOM at epoch 1. Trying to recover...
2025-01-22 17:10:03,578 - ERROR - GPU OOM at epoch 2. Trying to recover...
2025-01-22 17:10:04,094 - ERROR - GPU OOM at epoch 3. Trying to recover...
2025-01-22 17:10:04,608 - ERROR - GPU OOM at epoch 4. Trying to recover...
2025-01-22 17:10:05,121 - ERROR - GPU OOM at epoch 5. Trying to recover...
2025-01-22 17:10:05,636 - ERROR - GPU OOM at epoch 6. Trying to recover...
2025-01-22 17:10:06,152 - ERROR - GPU OOM at epoch 7. Trying to recover...
2025-01-22 17:10:06,665 - ERROR - GPU OOM at epoch 8. Trying to recover...
2025-01-22 17:10:07,181 - ERROR - GPU OOM at epoch 9. Trying to recover...
2025-01-22 17:10:07,698 - ERROR - GPU OOM at epoch 10. Trying to recover...
2025-01-22 17:10:08,212 - ERROR - GPU OOM at epoch 11. Trying to recover...
2025-01-22 17:10:08,728 - ERROR - GPU OOM at epoch 12. Trying to recover...
2025-01-22 17:10:09,242 - ERROR - GPU OOM at epoch 13. Trying to recover...
2025-01-22 17:10:09,758 - ERROR - GPU OOM at epoch 14. Trying to recover...
2025-01-22 17:10:10,273 - ERROR - GPU OOM at epoch 15. Trying to recover...
2025-01-22 17:10:10,790 - ERROR - GPU OOM at epoch 16. Trying to recover...
2025-01-22 17:10:11,306 - ERROR - GPU OOM at epoch 17. Trying to recover...
2025-01-22 17:10:11,819 - ERROR - GPU OOM at epoch 18. Trying to recover...
2025-01-22 17:10:12,335 - ERROR - GPU OOM at epoch 19. Trying to recover...
2025-01-22 17:10:12,853 - ERROR - GPU OOM at epoch 20. Trying to recover...
2025-01-22 17:10:13,370 - ERROR - GPU OOM at epoch 21. Trying to recover...
2025-01-22 17:10:13,891 - ERROR - GPU OOM at epoch 22. Trying to recover...
2025-01-22 17:10:14,407 - ERROR - GPU OOM at epoch 23. Trying to recover...
2025-01-22 17:10:14,923 - ERROR - GPU OOM at epoch 24. Trying to recover...
2025-01-22 17:10:15,440 - ERROR - GPU OOM at epoch 25. Trying to recover...
2025-01-22 17:10:15,955 - ERROR - GPU OOM at epoch 26. Trying to recover...
2025-01-22 17:10:16,472 - ERROR - GPU OOM at epoch 27. Trying to recover...
2025-01-22 17:10:16,989 - ERROR - GPU OOM at epoch 28. Trying to recover...
2025-01-22 17:10:17,506 - ERROR - GPU OOM at epoch 29. Trying to recover...
2025-01-22 17:10:18,023 - ERROR - GPU OOM at epoch 30. Trying to recover...
2025-01-22 17:10:18,540 - ERROR - GPU OOM at epoch 31. Trying to recover...
2025-01-22 17:10:19,055 - ERROR - GPU OOM at epoch 32. Trying to recover...
2025-01-22 17:10:19,573 - ERROR - GPU OOM at epoch 33. Trying to recover...
2025-01-22 17:10:20,092 - ERROR - GPU OOM at epoch 34. Trying to recover...
2025-01-22 17:10:20,610 - ERROR - GPU OOM at epoch 35. Trying to recover...
2025-01-22 17:10:21,127 - ERROR - GPU OOM at epoch 36. Trying to recover...
2025-01-22 17:10:21,642 - ERROR - GPU OOM at epoch 37. Trying to recover...
2025-01-22 17:10:22,160 - ERROR - GPU OOM at epoch 38. Trying to recover...
2025-01-22 17:10:22,674 - ERROR - GPU OOM at epoch 39. Trying to recover...
2025-01-22 17:10:23,189 - ERROR - GPU OOM at epoch 40. Trying to recover...
2025-01-22 17:10:23,702 - ERROR - GPU OOM at epoch 41. Trying to recover...
2025-01-22 17:10:24,219 - ERROR - GPU OOM at epoch 42. Trying to recover...
2025-01-22 17:10:24,740 - ERROR - GPU OOM at epoch 43. Trying to recover...
2025-01-22 17:10:25,256 - ERROR - GPU OOM at epoch 44. Trying to recover...
2025-01-22 17:10:25,774 - ERROR - GPU OOM at epoch 45. Trying to recover...
2025-01-22 17:10:26,291 - ERROR - GPU OOM at epoch 46. Trying to recover...
2025-01-22 17:10:26,808 - ERROR - GPU OOM at epoch 47. Trying to recover...
2025-01-22 17:10:27,327 - ERROR - GPU OOM at epoch 48. Trying to recover...
2025-01-22 17:10:27,848 - ERROR - GPU OOM at epoch 49. Trying to recover...
2025-01-22 17:10:28,363 - ERROR - GPU OOM at epoch 50. Trying to recover...
2025-01-22 17:10:38,183 - INFO - Final Test Results - Recall@20: 0.0068, NDCG@20: 0.0056
2025-01-22 17:10:38,184 - INFO - Best Results - Recall@20: 0.0000, NDCG@20: 0.0000
2025-01-22 17:10:38,237 - INFO - 
Testing embedding dimension: 32
2025-01-22 17:10:38,238 - INFO - Starting experiment with config: {'batch_size': 1024, 'embed_dim': 32, 'n_layers': 2, 'learning_rate': 0.001, 'num_epochs': 50, 'temperature': 0.1, 'lambda_coef': 0.5, 'eval_frequency': 5, 'early_stop_patience': 10}
2025-01-22 17:10:38,238 - INFO - Using device: cuda:3
2025-01-22 17:10:38,246 - INFO - Dataset loaded: 29601 users, 24734 items
2025-01-22 17:11:13,406 - INFO - Epoch 1/50 - Loss: 4.8181
2025-01-22 17:11:38,846 - INFO - Epoch 2/50 - Loss: 4.1221
2025-01-22 17:12:04,360 - INFO - Epoch 3/50 - Loss: 3.5334
2025-01-22 17:12:29,896 - INFO - Epoch 4/50 - Loss: 2.8825
2025-01-22 17:12:55,439 - INFO - Epoch 5/50 - Loss: 2.3422
2025-01-22 17:13:03,953 - INFO - Epoch 5 Eval - Recall@20: 0.0492, NDCG@20: 0.0400
2025-01-22 17:13:03,953 - INFO - New best performance - Recall@20: 0.0492, NDCG@20: 0.0400
2025-01-22 17:13:29,390 - INFO - Epoch 6/50 - Loss: 1.9702
2025-01-22 17:13:54,930 - INFO - Epoch 7/50 - Loss: 1.7473
2025-01-22 17:14:20,502 - INFO - Epoch 8/50 - Loss: 1.6265
2025-01-22 17:14:46,094 - INFO - Epoch 9/50 - Loss: 1.5448
2025-01-22 17:15:11,658 - INFO - Epoch 10/50 - Loss: 1.4751
2025-01-22 17:15:19,974 - INFO - Epoch 10 Eval - Recall@20: 0.0470, NDCG@20: 0.0383
2025-01-22 17:15:45,421 - INFO - Epoch 11/50 - Loss: 1.4330
2025-01-22 17:16:10,984 - INFO - Epoch 12/50 - Loss: 1.3871
2025-01-22 17:16:36,580 - INFO - Epoch 13/50 - Loss: 1.3630
2025-01-22 17:17:02,161 - INFO - Epoch 14/50 - Loss: 1.3376
2025-01-22 17:17:27,753 - INFO - Epoch 15/50 - Loss: 1.3150
2025-01-22 17:17:36,550 - INFO - Epoch 15 Eval - Recall@20: 0.0469, NDCG@20: 0.0376
2025-01-22 17:18:01,987 - INFO - Epoch 16/50 - Loss: 1.3103
2025-01-22 17:18:27,540 - INFO - Epoch 17/50 - Loss: 1.2859
2025-01-22 17:18:53,106 - INFO - Epoch 18/50 - Loss: 1.2825
2025-01-22 17:19:18,690 - INFO - Epoch 19/50 - Loss: 1.2686
2025-01-22 17:19:44,244 - INFO - Epoch 20/50 - Loss: 1.2524
2025-01-22 17:19:53,180 - INFO - Epoch 20 Eval - Recall@20: 0.0467, NDCG@20: 0.0374
2025-01-22 17:20:18,594 - INFO - Epoch 21/50 - Loss: 1.2551
2025-01-22 17:20:44,146 - INFO - Epoch 22/50 - Loss: 1.2579
2025-01-22 17:21:09,721 - INFO - Epoch 23/50 - Loss: 1.2494
2025-01-22 17:21:35,308 - INFO - Epoch 24/50 - Loss: 1.2451
2025-01-22 17:22:00,903 - INFO - Epoch 25/50 - Loss: 1.2419
2025-01-22 17:22:09,776 - INFO - Epoch 25 Eval - Recall@20: 0.0450, NDCG@20: 0.0360
2025-01-22 17:22:35,196 - INFO - Epoch 26/50 - Loss: 1.2358
2025-01-22 17:23:00,718 - INFO - Epoch 27/50 - Loss: 1.2496
2025-01-22 17:23:26,290 - INFO - Epoch 28/50 - Loss: 1.2355
2025-01-22 17:23:51,812 - INFO - Epoch 29/50 - Loss: 1.2252
2025-01-22 17:24:17,341 - INFO - Epoch 30/50 - Loss: 1.2135
2025-01-22 17:24:26,157 - INFO - Epoch 30 Eval - Recall@20: 0.0440, NDCG@20: 0.0347
2025-01-22 17:24:51,579 - INFO - Epoch 31/50 - Loss: 1.2177
2025-01-22 17:25:17,123 - INFO - Epoch 32/50 - Loss: 1.2272
2025-01-22 17:25:42,667 - INFO - Epoch 33/50 - Loss: 1.2163
2025-01-22 17:26:08,223 - INFO - Epoch 34/50 - Loss: 1.2192
2025-01-22 17:26:33,764 - INFO - Epoch 35/50 - Loss: 1.2200
2025-01-22 17:26:42,594 - INFO - Epoch 35 Eval - Recall@20: 0.0413, NDCG@20: 0.0328
2025-01-22 17:27:08,014 - INFO - Epoch 36/50 - Loss: 1.2191
2025-01-22 17:27:33,569 - INFO - Epoch 37/50 - Loss: 1.2141
2025-01-22 17:27:59,134 - INFO - Epoch 38/50 - Loss: 1.2213
2025-01-22 17:28:24,729 - INFO - Epoch 39/50 - Loss: 1.2403
2025-01-22 17:28:50,280 - INFO - Epoch 40/50 - Loss: 1.2308
2025-01-22 17:28:59,443 - INFO - Epoch 40 Eval - Recall@20: 0.0388, NDCG@20: 0.0305
2025-01-22 17:29:24,873 - INFO - Epoch 41/50 - Loss: 1.2163
2025-01-22 17:29:50,415 - INFO - Epoch 42/50 - Loss: 1.2109
2025-01-22 17:30:15,986 - INFO - Epoch 43/50 - Loss: 1.2252
2025-01-22 17:30:41,573 - INFO - Epoch 44/50 - Loss: 1.2277
2025-01-22 17:31:07,157 - INFO - Epoch 45/50 - Loss: 1.2357
2025-01-22 17:31:16,159 - INFO - Epoch 45 Eval - Recall@20: 0.0394, NDCG@20: 0.0307
2025-01-22 17:31:41,592 - INFO - Epoch 46/50 - Loss: 1.2075
2025-01-22 17:32:07,144 - INFO - Epoch 47/50 - Loss: 1.2178
2025-01-22 17:32:32,727 - INFO - Epoch 48/50 - Loss: 1.2244
2025-01-22 17:32:58,306 - INFO - Epoch 49/50 - Loss: 1.2095
2025-01-22 17:33:23,891 - INFO - Epoch 50/50 - Loss: 1.2299
2025-01-22 17:33:32,918 - INFO - Epoch 50 Eval - Recall@20: 0.0386, NDCG@20: 0.0302
2025-01-22 17:33:42,072 - INFO - Final Test Results - Recall@20: 0.0386, NDCG@20: 0.0302
2025-01-22 17:33:42,072 - INFO - Best Results - Recall@20: 0.0492, NDCG@20: 0.0400
2025-01-22 17:33:42,110 - INFO - 
Testing embedding dimension: 64
2025-01-22 17:33:42,111 - INFO - Starting experiment with config: {'batch_size': 1024, 'embed_dim': 64, 'n_layers': 2, 'learning_rate': 0.001, 'num_epochs': 50, 'temperature': 0.1, 'lambda_coef': 0.5, 'eval_frequency': 5, 'early_stop_patience': 10}
2025-01-22 17:33:42,111 - INFO - Using device: cuda:3
2025-01-22 17:33:42,118 - INFO - Dataset loaded: 29601 users, 24734 items
2025-01-22 17:33:52,065 - ERROR - GPU OOM at epoch 1. Trying to recover...
2025-01-22 17:33:52,503 - ERROR - GPU OOM at epoch 2. Trying to recover...
2025-01-22 17:33:53,016 - ERROR - GPU OOM at epoch 3. Trying to recover...
2025-01-22 17:33:53,529 - ERROR - GPU OOM at epoch 4. Trying to recover...
2025-01-22 17:33:54,043 - ERROR - GPU OOM at epoch 5. Trying to recover...
2025-01-22 17:33:54,557 - ERROR - GPU OOM at epoch 6. Trying to recover...
2025-01-22 17:33:55,071 - ERROR - GPU OOM at epoch 7. Trying to recover...
2025-01-22 17:33:55,587 - ERROR - GPU OOM at epoch 8. Trying to recover...
2025-01-22 17:33:56,102 - ERROR - GPU OOM at epoch 9. Trying to recover...
2025-01-22 17:33:56,616 - ERROR - GPU OOM at epoch 10. Trying to recover...
2025-01-22 17:33:57,130 - ERROR - GPU OOM at epoch 11. Trying to recover...
2025-01-22 17:33:57,644 - ERROR - GPU OOM at epoch 12. Trying to recover...
2025-01-22 17:33:58,160 - ERROR - GPU OOM at epoch 13. Trying to recover...
2025-01-22 17:33:58,674 - ERROR - GPU OOM at epoch 14. Trying to recover...
2025-01-22 17:33:59,191 - ERROR - GPU OOM at epoch 15. Trying to recover...
2025-01-22 17:33:59,707 - ERROR - GPU OOM at epoch 16. Trying to recover...
2025-01-22 17:34:00,222 - ERROR - GPU OOM at epoch 17. Trying to recover...
2025-01-22 17:34:00,737 - ERROR - GPU OOM at epoch 18. Trying to recover...
2025-01-22 17:34:01,252 - ERROR - GPU OOM at epoch 19. Trying to recover...
2025-01-22 17:34:01,768 - ERROR - GPU OOM at epoch 20. Trying to recover...
2025-01-22 17:34:02,286 - ERROR - GPU OOM at epoch 21. Trying to recover...
2025-01-22 17:34:02,800 - ERROR - GPU OOM at epoch 22. Trying to recover...
2025-01-22 17:34:03,318 - ERROR - GPU OOM at epoch 23. Trying to recover...
2025-01-22 17:34:03,832 - ERROR - GPU OOM at epoch 24. Trying to recover...
2025-01-22 17:34:04,348 - ERROR - GPU OOM at epoch 25. Trying to recover...
2025-01-22 17:34:04,864 - ERROR - GPU OOM at epoch 26. Trying to recover...
2025-01-22 17:34:05,379 - ERROR - GPU OOM at epoch 27. Trying to recover...
2025-01-22 17:34:05,894 - ERROR - GPU OOM at epoch 28. Trying to recover...
2025-01-22 17:34:06,412 - ERROR - GPU OOM at epoch 29. Trying to recover...
2025-01-22 17:34:06,926 - ERROR - GPU OOM at epoch 30. Trying to recover...
2025-01-22 17:34:07,443 - ERROR - GPU OOM at epoch 31. Trying to recover...
2025-01-22 17:34:07,958 - ERROR - GPU OOM at epoch 32. Trying to recover...
2025-01-22 17:34:08,473 - ERROR - GPU OOM at epoch 33. Trying to recover...
2025-01-22 17:34:08,987 - ERROR - GPU OOM at epoch 34. Trying to recover...
2025-01-22 17:34:09,502 - ERROR - GPU OOM at epoch 35. Trying to recover...
2025-01-22 17:34:10,020 - ERROR - GPU OOM at epoch 36. Trying to recover...
2025-01-22 17:34:10,535 - ERROR - GPU OOM at epoch 37. Trying to recover...
2025-01-22 17:34:11,051 - ERROR - GPU OOM at epoch 38. Trying to recover...
2025-01-22 17:34:11,568 - ERROR - GPU OOM at epoch 39. Trying to recover...
2025-01-22 17:34:12,087 - ERROR - GPU OOM at epoch 40. Trying to recover...
2025-01-22 17:34:12,604 - ERROR - GPU OOM at epoch 41. Trying to recover...
2025-01-22 17:34:13,125 - ERROR - GPU OOM at epoch 42. Trying to recover...
2025-01-22 17:34:13,644 - ERROR - GPU OOM at epoch 43. Trying to recover...
2025-01-22 17:34:14,163 - ERROR - GPU OOM at epoch 44. Trying to recover...
2025-01-22 17:34:14,683 - ERROR - GPU OOM at epoch 45. Trying to recover...
2025-01-22 17:34:15,202 - ERROR - GPU OOM at epoch 46. Trying to recover...
2025-01-22 17:34:15,716 - ERROR - GPU OOM at epoch 47. Trying to recover...
2025-01-22 17:34:16,237 - ERROR - GPU OOM at epoch 48. Trying to recover...
2025-01-22 17:34:16,756 - ERROR - GPU OOM at epoch 49. Trying to recover...
2025-01-22 17:34:17,278 - ERROR - GPU OOM at epoch 50. Trying to recover...
2025-01-22 17:34:26,876 - INFO - Final Test Results - Recall@20: 0.0084, NDCG@20: 0.0071
2025-01-22 17:34:26,876 - INFO - Best Results - Recall@20: 0.0000, NDCG@20: 0.0000
2025-01-22 17:34:26,931 - INFO - 
Testing embedding dimension: 128
2025-01-22 17:34:26,932 - INFO - Starting experiment with config: {'batch_size': 1024, 'embed_dim': 128, 'n_layers': 2, 'learning_rate': 0.001, 'num_epochs': 50, 'temperature': 0.1, 'lambda_coef': 0.5, 'eval_frequency': 5, 'early_stop_patience': 10}
2025-01-22 17:34:26,932 - INFO - Using device: cuda:3
2025-01-22 17:34:26,936 - INFO - Dataset loaded: 29601 users, 24734 items
2025-01-22 17:34:37,137 - ERROR - GPU OOM at epoch 1. Trying to recover...
2025-01-22 17:34:37,665 - ERROR - GPU OOM at epoch 2. Trying to recover...
2025-01-22 17:34:38,230 - ERROR - GPU OOM at epoch 3. Trying to recover...
2025-01-22 17:34:38,796 - ERROR - GPU OOM at epoch 4. Trying to recover...
2025-01-22 17:34:39,362 - ERROR - GPU OOM at epoch 5. Trying to recover...
2025-01-22 17:34:39,928 - ERROR - GPU OOM at epoch 6. Trying to recover...
2025-01-22 17:34:40,494 - ERROR - GPU OOM at epoch 7. Trying to recover...
2025-01-22 17:34:41,061 - ERROR - GPU OOM at epoch 8. Trying to recover...
2025-01-22 17:34:41,628 - ERROR - GPU OOM at epoch 9. Trying to recover...
2025-01-22 17:34:42,194 - ERROR - GPU OOM at epoch 10. Trying to recover...
2025-01-22 17:34:42,760 - ERROR - GPU OOM at epoch 11. Trying to recover...
2025-01-22 17:34:43,327 - ERROR - GPU OOM at epoch 12. Trying to recover...
2025-01-22 17:34:43,894 - ERROR - GPU OOM at epoch 13. Trying to recover...
2025-01-22 17:34:44,460 - ERROR - GPU OOM at epoch 14. Trying to recover...
2025-01-22 17:34:45,027 - ERROR - GPU OOM at epoch 15. Trying to recover...
2025-01-22 17:34:45,594 - ERROR - GPU OOM at epoch 16. Trying to recover...
2025-01-22 17:34:46,161 - ERROR - GPU OOM at epoch 17. Trying to recover...
2025-01-22 17:34:46,727 - ERROR - GPU OOM at epoch 18. Trying to recover...
2025-01-22 17:34:47,294 - ERROR - GPU OOM at epoch 19. Trying to recover...
2025-01-22 17:34:47,861 - ERROR - GPU OOM at epoch 20. Trying to recover...
2025-01-22 17:34:48,429 - ERROR - GPU OOM at epoch 21. Trying to recover...
2025-01-22 17:34:48,998 - ERROR - GPU OOM at epoch 22. Trying to recover...
2025-01-22 17:34:49,566 - ERROR - GPU OOM at epoch 23. Trying to recover...
2025-01-22 17:34:50,135 - ERROR - GPU OOM at epoch 24. Trying to recover...
2025-01-22 17:34:50,704 - ERROR - GPU OOM at epoch 25. Trying to recover...
2025-01-22 17:34:51,272 - ERROR - GPU OOM at epoch 26. Trying to recover...
2025-01-22 17:34:51,842 - ERROR - GPU OOM at epoch 27. Trying to recover...
2025-01-22 17:34:52,410 - ERROR - GPU OOM at epoch 28. Trying to recover...
2025-01-22 17:34:52,979 - ERROR - GPU OOM at epoch 29. Trying to recover...
2025-01-22 17:34:53,548 - ERROR - GPU OOM at epoch 30. Trying to recover...
2025-01-22 17:34:54,117 - ERROR - GPU OOM at epoch 31. Trying to recover...
2025-01-22 17:34:54,686 - ERROR - GPU OOM at epoch 32. Trying to recover...
2025-01-22 17:34:55,255 - ERROR - GPU OOM at epoch 33. Trying to recover...
2025-01-22 17:34:55,825 - ERROR - GPU OOM at epoch 34. Trying to recover...
2025-01-22 17:34:56,394 - ERROR - GPU OOM at epoch 35. Trying to recover...
2025-01-22 17:34:56,963 - ERROR - GPU OOM at epoch 36. Trying to recover...
2025-01-22 17:34:57,533 - ERROR - GPU OOM at epoch 37. Trying to recover...
2025-01-22 17:34:58,103 - ERROR - GPU OOM at epoch 38. Trying to recover...
2025-01-22 17:34:58,672 - ERROR - GPU OOM at epoch 39. Trying to recover...
2025-01-22 17:34:59,241 - ERROR - GPU OOM at epoch 40. Trying to recover...
2025-01-22 17:34:59,810 - ERROR - GPU OOM at epoch 41. Trying to recover...
2025-01-22 17:35:00,380 - ERROR - GPU OOM at epoch 42. Trying to recover...
2025-01-22 17:35:00,949 - ERROR - GPU OOM at epoch 43. Trying to recover...
2025-01-22 17:35:01,519 - ERROR - GPU OOM at epoch 44. Trying to recover...
2025-01-22 17:35:02,088 - ERROR - GPU OOM at epoch 45. Trying to recover...
2025-01-22 17:35:02,658 - ERROR - GPU OOM at epoch 46. Trying to recover...
2025-01-22 17:35:03,227 - ERROR - GPU OOM at epoch 47. Trying to recover...
2025-01-22 17:35:03,797 - ERROR - GPU OOM at epoch 48. Trying to recover...
2025-01-22 17:35:04,366 - ERROR - GPU OOM at epoch 49. Trying to recover...
2025-01-22 17:35:04,936 - ERROR - GPU OOM at epoch 50. Trying to recover...
