2025-01-24 08:38:15,554 - Using device: 0
2025-01-24 08:38:15,554 - Loading CIFAR-10 dataset...
2025-01-24 08:38:15,911 - Initializing model...
2025-01-24 08:38:15,994 - 
Epoch 1/100
2025-01-24 08:38:15,994 - Current temperature: 1.0000
2025-01-24 08:40:07,580 - Using device: 0
2025-01-24 08:40:07,581 - Loading CIFAR-10 dataset...
2025-01-24 08:40:07,975 - Initializing model...
2025-01-24 08:40:08,078 - 
Epoch 1/100
2025-01-24 08:40:08,078 - Current temperature: 1.0000
2025-01-24 08:40:20,694 - Train Loss: 1401259883306432.2500
2025-01-24 08:40:20,695 - Test Loss: 20875637673689088.0000
2025-01-24 08:40:20,695 - FID Score: 0.0360
2025-01-24 08:40:20,709 - Saved checkpoint at epoch 0
2025-01-24 08:40:20,709 - 
Epoch 2/100
2025-01-24 08:40:20,709 - Current temperature: 0.9800
2025-01-24 08:41:38,330 - Using device: 0
2025-01-24 08:41:38,330 - Loading CIFAR-10 dataset...
2025-01-24 08:41:38,698 - Initializing model...
2025-01-24 08:41:38,778 - 
Epoch 1/50
2025-01-24 08:41:38,779 - Current temperature: 1.0000
2025-01-24 08:42:00,225 - Train Loss: 2568965009105575477248.0000
2025-01-24 08:42:00,225 - Test Loss: 9352088731709396221952.0000
2025-01-24 08:42:00,225 - FID Score: 0.1141
2025-01-24 08:42:00,235 - Saved checkpoint at epoch 0
2025-01-24 08:42:00,258 - 
Epoch 2/50
2025-01-24 08:42:00,258 - Current temperature: 0.9800
2025-01-24 08:42:21,557 - Train Loss: 18144940239068340420608.0000
2025-01-24 08:42:21,557 - Test Loss: 30176815229927862304768.0000
2025-01-24 08:42:21,557 - FID Score: 0.1186
2025-01-24 08:42:21,579 - 
Epoch 3/50
2025-01-24 08:42:21,579 - Current temperature: 0.9604
2025-01-24 08:42:43,675 - Train Loss: 60883585721743618080768.0000
2025-01-24 08:42:43,676 - Test Loss: 135823178737814800957440.0000
2025-01-24 08:42:43,676 - FID Score: 0.1135
2025-01-24 08:42:43,697 - 
Epoch 4/50
2025-01-24 08:42:43,697 - Current temperature: 0.9412
2025-01-24 08:43:05,650 - Train Loss: 271545092838272849149952.0000
2025-01-24 08:43:05,650 - Test Loss: 386457163771090894323712.0000
2025-01-24 08:43:05,650 - FID Score: 0.1181
2025-01-24 08:43:05,671 - 
Epoch 5/50
2025-01-24 08:43:05,671 - Current temperature: 0.9224
2025-01-24 08:43:28,446 - Train Loss: 455632682268061155196928.0000
2025-01-24 08:43:28,446 - Test Loss: 503264716959590608011264.0000
2025-01-24 08:43:28,446 - FID Score: 0.1172
2025-01-24 08:43:28,468 - 
Epoch 6/50
2025-01-24 08:43:28,468 - Current temperature: 0.9039
2025-01-24 08:43:49,643 - Train Loss: 539273158181505804009472.0000
2025-01-24 08:43:49,643 - Test Loss: 578755140406984965095424.0000
2025-01-24 08:43:49,643 - FID Score: 0.1174
2025-01-24 08:43:49,663 - 
Epoch 7/50
2025-01-24 08:43:49,663 - Current temperature: 0.8858
2025-01-24 08:44:12,417 - Train Loss: 658724414696995764043776.0000
2025-01-24 08:44:12,417 - Test Loss: 846393329680101891112960.0000
2025-01-24 08:44:12,418 - FID Score: 0.1187
2025-01-24 08:44:12,438 - 
Epoch 8/50
2025-01-24 08:44:12,438 - Current temperature: 0.8681
2025-01-24 08:44:35,392 - Train Loss: 1009655181681878171123712.0000
2025-01-24 08:44:35,392 - Test Loss: 1154327544173110740647936.0000
2025-01-24 08:44:35,392 - FID Score: 0.1182
2025-01-24 08:44:35,412 - 
Epoch 9/50
2025-01-24 08:44:35,412 - Current temperature: 0.8508
2025-01-24 08:44:57,730 - Train Loss: 1252928262237104405217280.0000
2025-01-24 08:44:57,730 - Test Loss: 1341521684800998096240640.0000
2025-01-24 08:44:57,730 - FID Score: 0.1200
2025-01-24 08:44:57,750 - 
Epoch 10/50
2025-01-24 08:44:57,750 - Current temperature: 0.8337
2025-01-24 08:45:20,771 - Train Loss: 1303256084864344627609600.0000
2025-01-24 08:45:20,772 - Test Loss: 1223683070758408740143104.0000
2025-01-24 08:45:20,772 - FID Score: 0.1200
2025-01-24 08:45:20,791 - 
Epoch 11/50
2025-01-24 08:45:20,792 - Current temperature: 0.8171
2025-01-24 08:45:42,117 - Train Loss: 1179540012005613335740416.0000
2025-01-24 08:45:42,117 - Test Loss: 1111275752830431928516608.0000
2025-01-24 08:45:42,117 - FID Score: 0.1199
2025-01-24 08:45:42,126 - Saved checkpoint at epoch 10
2025-01-24 08:45:42,146 - 
Epoch 12/50
2025-01-24 08:45:42,147 - Current temperature: 0.8007
2025-01-24 08:46:05,225 - Train Loss: 1013791141528178595463168.0000
2025-01-24 08:46:05,225 - Test Loss: 985282455179964119515136.0000
2025-01-24 08:46:05,225 - FID Score: 0.1184
2025-01-24 08:46:05,245 - 
Epoch 13/50
2025-01-24 08:46:05,245 - Current temperature: 0.7847
2025-01-24 08:46:28,281 - Train Loss: 1007906435295056794484736.0000
2025-01-24 08:46:28,282 - Test Loss: 992063885426866064982016.0000
2025-01-24 08:46:28,282 - FID Score: 0.1200
2025-01-24 08:46:28,303 - 
Epoch 14/50
2025-01-24 08:46:28,303 - Current temperature: 0.7690
2025-01-24 08:46:50,089 - Train Loss: 919845309328470088613888.0000
2025-01-24 08:46:50,090 - Test Loss: 801981577350746755563520.0000
2025-01-24 08:46:50,090 - FID Score: 0.1231
2025-01-24 08:46:50,110 - 
Epoch 15/50
2025-01-24 08:46:50,110 - Current temperature: 0.7536
2025-01-24 08:47:12,238 - Train Loss: 682905411628857678626816.0000
2025-01-24 08:47:12,239 - Test Loss: 586380228846182318735360.0000
2025-01-24 08:47:12,239 - FID Score: 0.1209
2025-01-24 08:47:12,259 - 
Epoch 16/50
2025-01-24 08:47:12,259 - Current temperature: 0.7386
2025-01-24 08:47:34,539 - Train Loss: 748520801100557671464960.0000
2025-01-24 08:47:34,539 - Test Loss: 939786422959722704404480.0000
2025-01-24 08:47:34,539 - FID Score: 0.1207
2025-01-24 08:47:34,559 - 
Epoch 17/50
2025-01-24 08:47:34,559 - Current temperature: 0.7238
2025-01-24 08:47:56,056 - Train Loss: 1099291074847058669076480.0000
2025-01-24 08:47:56,057 - Test Loss: 1206979899784035303424000.0000
2025-01-24 08:47:56,057 - FID Score: 0.1189
2025-01-24 08:47:56,077 - 
Epoch 18/50
2025-01-24 08:47:56,077 - Current temperature: 0.7093
2025-01-24 08:48:17,514 - Train Loss: 1161843276794678472605696.0000
2025-01-24 08:48:17,514 - Test Loss: 1165793330522027324342272.0000
2025-01-24 08:48:17,514 - FID Score: 0.1209
2025-01-24 08:48:17,535 - 
Epoch 19/50
2025-01-24 08:48:17,536 - Current temperature: 0.6951
2025-01-24 08:48:40,091 - Train Loss: 1265920798929799371292672.0000
2025-01-24 08:48:40,091 - Test Loss: 1352598718178280245035008.0000
2025-01-24 08:48:40,091 - FID Score: 0.1229
2025-01-24 08:48:40,113 - 
Epoch 20/50
2025-01-24 08:48:40,113 - Current temperature: 0.6812
2025-01-24 08:49:01,622 - Train Loss: 1381653095062485250080768.0000
2025-01-24 08:49:01,623 - Test Loss: 1461641471134042410713088.0000
2025-01-24 08:49:01,623 - FID Score: 0.1174
2025-01-24 08:49:01,643 - 
Epoch 21/50
2025-01-24 08:49:01,643 - Current temperature: 0.6676
2025-01-24 08:49:24,460 - Train Loss: 1950687777930772117192704.0000
2025-01-24 08:49:24,461 - Test Loss: 2250204800826819955654656.0000
2025-01-24 08:49:24,461 - FID Score: 0.1210
2025-01-24 08:49:24,471 - Saved checkpoint at epoch 20
2025-01-24 08:49:24,491 - 
Epoch 22/50
2025-01-24 08:49:24,491 - Current temperature: 0.6543
2025-01-24 08:49:43,845 - Train Loss: 2461490879767328336117760.0000
2025-01-24 08:49:43,845 - Test Loss: 2672830889993380544118784.0000
2025-01-24 08:49:43,845 - FID Score: 0.1209
2025-01-24 08:49:43,866 - 
Epoch 23/50
2025-01-24 08:49:43,866 - Current temperature: 0.6412
2025-01-24 08:50:06,812 - Train Loss: 2768057774371700035551232.0000
2025-01-24 08:50:06,813 - Test Loss: 2724070792912171966660608.0000
2025-01-24 08:50:06,813 - FID Score: 0.1196
2025-01-24 08:50:06,833 - 
Epoch 24/50
2025-01-24 08:50:06,833 - Current temperature: 0.6283
2025-01-24 08:50:29,751 - Train Loss: 2528319944907698428968960.0000
2025-01-24 08:50:29,751 - Test Loss: 2433633157547089668866048.0000
2025-01-24 08:50:29,751 - FID Score: 0.1197
2025-01-24 08:50:29,771 - 
Epoch 25/50
2025-01-24 08:50:29,772 - Current temperature: 0.6158
2025-01-24 08:50:51,162 - Train Loss: 2157345038998513234477056.0000
2025-01-24 08:50:51,163 - Test Loss: 2035420780219329505394688.0000
2025-01-24 08:50:51,163 - FID Score: 0.1192
2025-01-24 08:50:51,184 - 
Epoch 26/50
2025-01-24 08:50:51,184 - Current temperature: 0.6035
2025-01-24 08:51:14,576 - Train Loss: 1962597973186454581411840.0000
2025-01-24 08:51:14,576 - Test Loss: 1724079160262650648068096.0000
2025-01-24 08:51:14,576 - FID Score: 0.1204
2025-01-24 08:51:14,597 - 
Epoch 27/50
2025-01-24 08:51:14,597 - Current temperature: 0.5914
2025-01-24 08:51:35,821 - Train Loss: 1337437510594852387028992.0000
2025-01-24 08:51:35,822 - Test Loss: 1355222157285015920050176.0000
2025-01-24 08:51:35,822 - FID Score: 0.1209
2025-01-24 08:51:35,843 - 
Epoch 28/50
2025-01-24 08:51:35,843 - Current temperature: 0.5796
2025-01-24 08:51:59,383 - Train Loss: 1455155989802030989312000.0000
2025-01-24 08:51:59,383 - Test Loss: 2303077479286914924150784.0000
2025-01-24 08:51:59,383 - FID Score: 0.1195
2025-01-24 08:51:59,403 - 
Epoch 29/50
2025-01-24 08:51:59,404 - Current temperature: 0.5680
2025-01-24 08:52:21,014 - Train Loss: 2683301253764358692929536.0000
2025-01-24 08:52:21,014 - Test Loss: 3626645431317211530657792.0000
2025-01-24 08:52:21,015 - FID Score: 0.1196
2025-01-24 08:52:21,035 - 
Epoch 30/50
2025-01-24 08:52:21,035 - Current temperature: 0.5566
2025-01-24 08:52:44,607 - Train Loss: 3234696280717631284051968.0000
2025-01-24 08:52:44,607 - Test Loss: 2527429532410742814277632.0000
2025-01-24 08:52:44,607 - FID Score: 0.1220
2025-01-24 08:52:44,629 - 
Epoch 31/50
2025-01-24 08:52:44,629 - Current temperature: 0.5455
2025-01-24 08:53:07,994 - Train Loss: 2523913174735385685655552.0000
2025-01-24 08:53:07,994 - Test Loss: 2555162410685714176933888.0000
2025-01-24 08:53:07,994 - FID Score: 0.1213
2025-01-24 08:53:08,006 - Saved checkpoint at epoch 30
2025-01-24 08:53:08,028 - 
Epoch 32/50
2025-01-24 08:53:08,028 - Current temperature: 0.5346
2025-01-24 08:53:30,099 - Train Loss: 2397962932430923320262656.0000
2025-01-24 08:53:30,099 - Test Loss: 1834390338542662831833088.0000
2025-01-24 08:53:30,099 - FID Score: 0.1204
2025-01-24 08:53:30,119 - 
Epoch 33/50
2025-01-24 08:53:30,119 - Current temperature: 0.5239
2025-01-24 08:53:52,042 - Train Loss: 1633150107903218231017472.0000
2025-01-24 08:53:52,042 - Test Loss: 1714717176436464663134208.0000
2025-01-24 08:53:52,042 - FID Score: 0.1188
2025-01-24 08:53:52,063 - 
Epoch 34/50
2025-01-24 08:53:52,063 - Current temperature: 0.5134
2025-01-24 08:54:16,169 - Train Loss: 1586324593691362938847232.0000
2025-01-24 08:54:16,170 - Test Loss: 1310270997569291551768576.0000
2025-01-24 08:54:16,170 - FID Score: 0.1195
2025-01-24 08:54:16,191 - 
Epoch 35/50
2025-01-24 08:54:16,191 - Current temperature: 0.5031
2025-01-24 08:54:40,044 - Train Loss: 2426102671163396957667328.0000
2025-01-24 08:54:40,045 - Test Loss: 3319167201782874316472320.0000
2025-01-24 08:54:40,045 - FID Score: 0.1186
2025-01-24 08:54:40,065 - 
Epoch 36/50
2025-01-24 08:54:40,065 - Current temperature: 0.4931
2025-01-24 08:55:01,523 - Train Loss: 3570539603652458642931712.0000
2025-01-24 08:55:01,524 - Test Loss: 3929924432501394456444928.0000
2025-01-24 08:55:01,524 - FID Score: 0.1190
2025-01-24 08:55:01,545 - 
Epoch 37/50
2025-01-24 08:55:01,545 - Current temperature: 0.4832
2025-01-24 08:55:19,385 - Train Loss: 4393327051877657576734720.0000
2025-01-24 08:55:19,386 - Test Loss: 4116834931921150390829056.0000
2025-01-24 08:55:19,386 - FID Score: 0.1146
2025-01-24 08:55:19,406 - 
Epoch 38/50
2025-01-24 08:55:19,406 - Current temperature: 0.4735
2025-01-24 08:55:43,789 - Train Loss: 3168101717358665632055296.0000
2025-01-24 08:55:43,789 - Test Loss: 2663737811597345224130560.0000
2025-01-24 08:55:43,789 - FID Score: 0.1212
2025-01-24 08:55:43,809 - 
Epoch 39/50
2025-01-24 08:55:43,809 - Current temperature: 0.4641
2025-01-24 08:56:07,535 - Train Loss: 3374459703137848617074688.0000
2025-01-24 08:56:07,535 - Test Loss: 3748942840926278487375872.0000
2025-01-24 08:56:07,535 - FID Score: 0.1213
2025-01-24 08:56:07,557 - 
Epoch 40/50
2025-01-24 08:56:07,557 - Current temperature: 0.4548
2025-01-24 08:56:28,959 - Train Loss: 4224276699159097637863424.0000
2025-01-24 08:56:28,960 - Test Loss: 4631319785262082751987712.0000
2025-01-24 08:56:28,960 - FID Score: 0.1190
2025-01-24 08:56:28,981 - 
Epoch 41/50
2025-01-24 08:56:28,981 - Current temperature: 0.4457
2025-01-24 08:56:50,343 - Train Loss: 5500730693975586419769344.0000
2025-01-24 08:56:50,343 - Test Loss: 5612947733725822113021952.0000
2025-01-24 08:56:50,343 - FID Score: 0.1197
2025-01-24 08:56:50,355 - Saved checkpoint at epoch 40
2025-01-24 08:56:50,376 - 
Epoch 42/50
2025-01-24 08:56:50,376 - Current temperature: 0.4368
2025-01-24 08:57:13,861 - Train Loss: 5644403252213479649574912.0000
2025-01-24 08:57:13,861 - Test Loss: 6799774038688173328957440.0000
2025-01-24 08:57:13,861 - FID Score: 0.1170
2025-01-24 08:57:13,882 - 
Epoch 43/50
2025-01-24 08:57:13,883 - Current temperature: 0.4281
2025-01-24 08:57:36,517 - Train Loss: 8499899063643854874869760.0000
2025-01-24 08:57:36,517 - Test Loss: 9109239959614906221723648.0000
2025-01-24 08:57:36,517 - FID Score: 0.1179
2025-01-24 08:57:36,538 - 
Epoch 44/50
2025-01-24 08:57:36,538 - Current temperature: 0.4195
2025-01-24 08:57:57,721 - Train Loss: 9088767192051165786275840.0000
2025-01-24 08:57:57,722 - Test Loss: 9151294266690517252177920.0000
2025-01-24 08:57:57,722 - FID Score: 0.1191
2025-01-24 08:57:57,742 - 
Epoch 45/50
2025-01-24 08:57:57,742 - Current temperature: 0.4111
2025-01-24 08:58:18,674 - Train Loss: 8560378657385548190056448.0000
2025-01-24 08:58:18,674 - Test Loss: 8341830888552217469517824.0000
2025-01-24 08:58:18,674 - FID Score: 0.1160
2025-01-24 08:58:18,695 - 
Epoch 46/50
2025-01-24 08:58:18,695 - Current temperature: 0.4029
2025-01-24 08:58:42,127 - Train Loss: 8076524279850179842015232.0000
2025-01-24 08:58:42,127 - Test Loss: 9265256071835675214741504.0000
2025-01-24 08:58:42,127 - FID Score: 0.1163
2025-01-24 08:58:42,148 - 
Epoch 47/50
2025-01-24 08:58:42,148 - Current temperature: 0.3948
2025-01-24 08:59:01,919 - Train Loss: 8351959130395754362830848.0000
2025-01-24 08:59:01,919 - Test Loss: 8764177939189465809420288.0000
2025-01-24 08:59:01,919 - FID Score: 0.1180
2025-01-24 08:59:01,940 - 
Epoch 48/50
2025-01-24 08:59:01,940 - Current temperature: 0.3869
2025-01-24 08:59:24,119 - Train Loss: 9064687339524165438799872.0000
2025-01-24 08:59:24,119 - Test Loss: 9289776136179675993997312.0000
2025-01-24 08:59:24,119 - FID Score: 0.1189
2025-01-24 08:59:24,141 - 
Epoch 49/50
2025-01-24 08:59:24,141 - Current temperature: 0.3792
2025-01-24 08:59:46,001 - Train Loss: 9387942114477422000734208.0000
2025-01-24 08:59:46,001 - Test Loss: 9637825268137161689923584.0000
2025-01-24 08:59:46,001 - FID Score: 0.1147
2025-01-24 08:59:46,021 - 
Epoch 50/50
2025-01-24 08:59:46,021 - Current temperature: 0.3716
2025-01-24 09:00:07,145 - Train Loss: 9797687186747817447129088.0000
2025-01-24 09:00:07,145 - Test Loss: 9820489881914623777570816.0000
2025-01-24 09:00:07,145 - FID Score: 0.1184
2025-01-24 09:00:07,166 - Training history saved to temperature_annealing_history.json
2025-01-24 09:00:09,158 - 
Final Evaluation:
2025-01-24 09:00:09,158 - Test Loss: 9820489881914623777570816.0000
2025-01-24 09:00:09,159 - FID Score: 0.1184
2025-01-24 09:22:12,377 - Using device: 0
2025-01-24 09:22:12,378 - Loading CIFAR-10 dataset...
2025-01-24 09:22:12,765 - Initializing model...
2025-01-24 09:22:12,839 - 
Epoch 1/50
2025-01-24 09:22:12,839 - Current temperature: 1.0000
2025-01-24 09:41:09,014 - Using device: 0
2025-01-24 09:41:09,014 - Loading CIFAR-10 dataset...
2025-01-24 09:41:09,400 - Initializing model...
2025-01-24 09:41:09,474 - 
Epoch 1/50
2025-01-24 09:41:09,474 - Current temperature: 1.0000
2025-01-24 09:41:33,542 - Train Loss: 14602248714828712.0000
2025-01-24 09:41:33,542 - Test Loss: 84910427955265536.0000
2025-01-24 09:41:33,542 - FID Score: 0.0331
2025-01-24 09:41:33,551 - Saved checkpoint at epoch 0
2025-01-24 09:41:33,573 - 
Epoch 2/50
2025-01-24 09:41:33,574 - Current temperature: 0.9800
2025-01-24 09:41:54,026 - Train Loss: 37600641951242408.0000
2025-01-24 09:41:54,027 - Test Loss: 28925744067379200.0000
2025-01-24 09:41:54,027 - FID Score: 0.0298
2025-01-24 09:41:54,049 - 
Epoch 3/50
2025-01-24 09:41:54,049 - Current temperature: 0.9604
2025-01-24 09:42:14,646 - Train Loss: 106209286341651300352.0000
2025-01-24 09:42:14,646 - Test Loss: 4932097789306242859008.0000
2025-01-24 09:42:14,646 - FID Score: 0.0873
2025-01-24 09:42:14,668 - 
Epoch 4/50
2025-01-24 09:42:14,668 - Current temperature: 0.9412
2025-01-24 09:42:32,241 - Train Loss: 38878879903727862415360.0000
2025-01-24 09:42:32,242 - Test Loss: 24169101323130214809600.0000
2025-01-24 09:42:32,242 - FID Score: 0.1077
2025-01-24 09:42:32,263 - 
Epoch 5/50
2025-01-24 09:42:32,263 - Current temperature: 0.9224
2025-01-24 09:42:50,052 - Train Loss: 22039556050673503043584.0000
2025-01-24 09:42:50,052 - Test Loss: 24187564568674434023424.0000
2025-01-24 09:42:50,052 - FID Score: 0.1123
2025-01-24 09:42:50,072 - 
Epoch 6/50
2025-01-24 09:42:50,072 - Current temperature: 0.9039
2025-01-24 09:43:09,375 - Train Loss: 22939918277819236352000.0000
2025-01-24 09:43:09,375 - Test Loss: 22031142973060056875008.0000
2025-01-24 09:43:09,375 - FID Score: 0.1109
2025-01-24 09:43:09,394 - 
Epoch 7/50
2025-01-24 09:43:09,395 - Current temperature: 0.8858
2025-01-24 09:43:33,011 - Train Loss: 23953967560128513179648.0000
2025-01-24 09:43:33,011 - Test Loss: 26396235801265656823808.0000
2025-01-24 09:43:33,011 - FID Score: 0.1144
2025-01-24 09:43:33,031 - 
Epoch 8/50
2025-01-24 09:43:33,031 - Current temperature: 0.8681
2025-01-24 09:43:55,909 - Train Loss: 24734918242785684357120.0000
2025-01-24 09:43:55,909 - Test Loss: 24490289252461256376320.0000
2025-01-24 09:43:55,909 - FID Score: 0.1149
2025-01-24 09:43:55,929 - 
Epoch 9/50
2025-01-24 09:43:55,929 - Current temperature: 0.8508
2025-01-24 09:44:18,475 - Train Loss: 34435549820109025443840.0000
2025-01-24 09:44:18,476 - Test Loss: 44836616007226757218304.0000
2025-01-24 09:44:18,476 - FID Score: 0.1124
2025-01-24 09:44:18,495 - 
Epoch 10/50
2025-01-24 09:44:18,496 - Current temperature: 0.8337
2025-01-24 09:44:40,976 - Train Loss: 67807687508123398963200.0000
2025-01-24 09:44:40,976 - Test Loss: 97710960236233899376640.0000
2025-01-24 09:44:40,976 - FID Score: 0.1143
2025-01-24 09:44:40,995 - 
Epoch 11/50
2025-01-24 09:44:40,996 - Current temperature: 0.8171
2025-01-24 09:45:03,345 - Train Loss: 139112942489710509424640.0000
2025-01-24 09:45:03,345 - Test Loss: 207918821718669553303552.0000
2025-01-24 09:45:03,345 - FID Score: 0.1190
2025-01-24 09:45:03,355 - Saved checkpoint at epoch 10
2025-01-24 09:45:03,375 - 
Epoch 12/50
2025-01-24 09:45:03,375 - Current temperature: 0.8007
2025-01-24 09:45:14,595 - Train Loss: 423804532564492971671552.0000
2025-01-24 09:45:14,595 - Test Loss: 561626889300482816212992.0000
2025-01-24 09:45:14,595 - FID Score: 0.1158
2025-01-24 09:45:14,611 - 
Epoch 13/50
2025-01-24 09:45:14,611 - Current temperature: 0.7847
2025-01-24 09:45:36,261 - Train Loss: 616124286802279033470976.0000
2025-01-24 09:45:36,261 - Test Loss: 728308744788464254320640.0000
2025-01-24 09:45:36,261 - FID Score: 0.1198
2025-01-24 09:45:36,281 - 
Epoch 14/50
2025-01-24 09:45:36,281 - Current temperature: 0.7690
2025-01-24 09:46:00,010 - Train Loss: 802207356073151763054592.0000
2025-01-24 09:46:00,010 - Test Loss: 893717231125704728379392.0000
2025-01-24 09:46:00,010 - FID Score: 0.1189
2025-01-24 09:46:00,030 - 
Epoch 15/50
2025-01-24 09:46:00,030 - Current temperature: 0.7536
2025-01-24 09:46:23,543 - Train Loss: 825020228222562819112960.0000
2025-01-24 09:46:23,543 - Test Loss: 723604491783295893241856.0000
2025-01-24 09:46:23,543 - FID Score: 0.1211
2025-01-24 09:46:23,563 - 
Epoch 16/50
2025-01-24 09:46:23,563 - Current temperature: 0.7386
2025-01-24 09:46:40,185 - Train Loss: 796834333327858149097472.0000
2025-01-24 09:46:40,185 - Test Loss: 748222886595660773064704.0000
2025-01-24 09:46:40,185 - FID Score: 0.1189
2025-01-24 09:46:40,205 - 
Epoch 17/50
2025-01-24 09:46:40,205 - Current temperature: 0.7238
2025-01-24 09:47:02,239 - Train Loss: 820156293693057252982784.0000
2025-01-24 09:47:02,239 - Test Loss: 887197658175536613031936.0000
2025-01-24 09:47:02,239 - FID Score: 0.1155
2025-01-24 09:47:02,259 - 
Epoch 18/50
2025-01-24 09:47:02,259 - Current temperature: 0.7093
2025-01-24 09:47:26,103 - Train Loss: 972429380738025290465280.0000
2025-01-24 09:47:26,103 - Test Loss: 970432607776046002995200.0000
2025-01-24 09:47:26,103 - FID Score: 0.1164
2025-01-24 09:47:26,123 - 
Epoch 19/50
2025-01-24 09:47:26,124 - Current temperature: 0.6951
2025-01-24 09:47:49,095 - Train Loss: 1002864481857102051016704.0000
2025-01-24 09:47:49,095 - Test Loss: 950682771919954748899328.0000
2025-01-24 09:47:49,095 - FID Score: 0.1214
2025-01-24 09:47:49,116 - 
Epoch 20/50
2025-01-24 09:47:49,116 - Current temperature: 0.6812
2025-01-24 09:48:11,262 - Train Loss: 848783392141773300039680.0000
2025-01-24 09:48:11,262 - Test Loss: 769136795994936150327296.0000
2025-01-24 09:48:11,262 - FID Score: 0.1169
2025-01-24 09:48:11,283 - 
Epoch 21/50
2025-01-24 09:48:11,283 - Current temperature: 0.6676
2025-01-24 09:48:31,722 - Train Loss: 870298878375037367222272.0000
2025-01-24 09:48:31,722 - Test Loss: 737638557150712118116352.0000
2025-01-24 09:48:31,722 - FID Score: 0.1187
2025-01-24 09:48:31,732 - Saved checkpoint at epoch 20
2025-01-24 09:48:31,753 - 
Epoch 22/50
2025-01-24 09:48:31,753 - Current temperature: 0.6543
2025-01-24 09:48:51,618 - Train Loss: 769246130980896215400448.0000
2025-01-24 09:48:51,619 - Test Loss: 762900463432532620214272.0000
2025-01-24 09:48:51,619 - FID Score: 0.1182
2025-01-24 09:48:51,639 - 
Epoch 23/50
2025-01-24 09:48:51,639 - Current temperature: 0.6412
2025-01-24 09:49:11,770 - Train Loss: 663434980008487127351296.0000
2025-01-24 09:49:11,770 - Test Loss: 606345631750237475307520.0000
2025-01-24 09:49:11,770 - FID Score: 0.1202
2025-01-24 09:49:11,790 - 
Epoch 24/50
2025-01-24 09:49:11,791 - Current temperature: 0.6283
2025-01-24 09:49:33,397 - Train Loss: 772608134870105480757248.0000
2025-01-24 09:49:33,397 - Test Loss: 789262585592520852373504.0000
2025-01-24 09:49:33,397 - FID Score: 0.1185
2025-01-24 09:49:33,417 - 
Epoch 25/50
2025-01-24 09:49:33,417 - Current temperature: 0.6158
2025-01-24 09:49:55,456 - Train Loss: 621142004777234752077824.0000
2025-01-24 09:49:55,456 - Test Loss: 863477811427725532987392.0000
2025-01-24 09:49:55,456 - FID Score: 0.1169
2025-01-24 09:49:55,477 - 
Epoch 26/50
2025-01-24 09:49:55,477 - Current temperature: 0.6035
2025-01-24 09:50:10,295 - Train Loss: 769686063684212022575104.0000
2025-01-24 09:50:10,295 - Test Loss: 837727368169126761594880.0000
2025-01-24 09:50:10,295 - FID Score: 0.1186
2025-01-24 09:50:10,315 - 
Epoch 27/50
2025-01-24 09:50:10,315 - Current temperature: 0.5914
2025-01-24 09:50:33,302 - Train Loss: 1054581475754811091582976.0000
2025-01-24 09:50:33,302 - Test Loss: 1518812533697287483817984.0000
2025-01-24 09:50:33,302 - FID Score: 0.1182
2025-01-24 09:50:33,324 - 
Epoch 28/50
2025-01-24 09:50:33,324 - Current temperature: 0.5796
2025-01-24 09:50:55,327 - Train Loss: 1534353228026963193495552.0000
2025-01-24 09:50:55,327 - Test Loss: 1093846455229138478301184.0000
2025-01-24 09:50:55,327 - FID Score: 0.1181
2025-01-24 09:50:55,347 - 
Epoch 29/50
2025-01-24 09:50:55,347 - Current temperature: 0.5680
2025-01-24 09:51:19,312 - Train Loss: 1231980564027679126323200.0000
2025-01-24 09:51:19,312 - Test Loss: 1409967831038738563072000.0000
2025-01-24 09:51:19,312 - FID Score: 0.1202
2025-01-24 09:51:19,333 - 
Epoch 30/50
2025-01-24 09:51:19,333 - Current temperature: 0.5566
2025-01-24 09:51:41,969 - Train Loss: 1358238237452335226814464.0000
2025-01-24 09:51:41,969 - Test Loss: 1241898480681858965176320.0000
2025-01-24 09:51:41,969 - FID Score: 0.1190
2025-01-24 09:51:41,989 - 
Epoch 31/50
2025-01-24 09:51:41,989 - Current temperature: 0.5455
2025-01-24 09:52:05,223 - Train Loss: 1120251229753728900792320.0000
2025-01-24 09:52:05,223 - Test Loss: 1262104758611984032727040.0000
2025-01-24 09:52:05,223 - FID Score: 0.1197
2025-01-24 09:52:05,243 - Saved checkpoint at epoch 30
2025-01-24 09:52:05,265 - 
Epoch 32/50
2025-01-24 09:52:05,265 - Current temperature: 0.5346
2025-01-24 09:52:26,595 - Train Loss: 1183867327224125509861376.0000
2025-01-24 09:52:26,595 - Test Loss: 1224265528053616007446528.0000
2025-01-24 09:52:26,595 - FID Score: 0.1201
2025-01-24 09:52:26,616 - 
Epoch 33/50
2025-01-24 09:52:26,616 - Current temperature: 0.5239
2025-01-24 09:52:48,821 - Train Loss: 1233141680043589590056960.0000
2025-01-24 09:52:48,821 - Test Loss: 1282400917131672346951680.0000
2025-01-24 09:52:48,821 - FID Score: 0.1165
2025-01-24 09:52:48,841 - 
Epoch 34/50
2025-01-24 09:52:48,841 - Current temperature: 0.5134
2025-01-24 09:53:08,842 - Train Loss: 1235206011031032399134720.0000
2025-01-24 09:53:08,842 - Test Loss: 1193725884893677412679680.0000
2025-01-24 09:53:08,842 - FID Score: 0.1166
2025-01-24 09:53:08,862 - 
Epoch 35/50
2025-01-24 09:53:08,862 - Current temperature: 0.5031
2025-01-24 09:53:32,163 - Train Loss: 818785314982692135108608.0000
2025-01-24 09:53:32,164 - Test Loss: 827950641097856786628608.0000
2025-01-24 09:53:32,164 - FID Score: 0.1191
2025-01-24 09:53:32,184 - 
Epoch 36/50
2025-01-24 09:53:32,184 - Current temperature: 0.4931
2025-01-24 09:53:54,025 - Train Loss: 905812367911706039418880.0000
2025-01-24 09:53:54,025 - Test Loss: 954957825125235260653568.0000
2025-01-24 09:53:54,025 - FID Score: 0.1185
2025-01-24 09:53:54,045 - 
Epoch 37/50
2025-01-24 09:53:54,045 - Current temperature: 0.4832
2025-01-24 09:54:15,807 - Train Loss: 977747905144734171004928.0000
2025-01-24 09:54:15,807 - Test Loss: 1017958322276350753243136.0000
2025-01-24 09:54:15,807 - FID Score: 0.1181
2025-01-24 09:54:15,829 - 
Epoch 38/50
2025-01-24 09:54:15,829 - Current temperature: 0.4735
2025-01-24 09:54:38,270 - Train Loss: 1268144777228052978466816.0000
2025-01-24 09:54:38,271 - Test Loss: 1536782603275637260025856.0000
2025-01-24 09:54:38,271 - FID Score: 0.1199
2025-01-24 09:54:38,290 - 
Epoch 39/50
2025-01-24 09:54:38,290 - Current temperature: 0.4641
2025-01-24 09:55:00,699 - Train Loss: 1548943939917574179913728.0000
2025-01-24 09:55:00,700 - Test Loss: 1517408881038826225532928.0000
2025-01-24 09:55:00,700 - FID Score: 0.1220
2025-01-24 09:55:00,721 - 
Epoch 40/50
2025-01-24 09:55:00,721 - Current temperature: 0.4548
2025-01-24 09:55:23,487 - Train Loss: 1678887332630252197249024.0000
2025-01-24 09:55:23,487 - Test Loss: 1382485571327630927462400.0000
2025-01-24 09:55:23,487 - FID Score: 0.1192
2025-01-24 09:55:23,507 - 
Epoch 41/50
2025-01-24 09:55:23,507 - Current temperature: 0.4457
2025-01-24 09:55:45,276 - Train Loss: 1497131619239950532214784.0000
2025-01-24 09:55:45,276 - Test Loss: 1498272514264976311975936.0000
2025-01-24 09:55:45,276 - FID Score: 0.1202
2025-01-24 09:55:45,296 - Saved checkpoint at epoch 40
2025-01-24 09:55:45,317 - 
Epoch 42/50
2025-01-24 09:55:45,317 - Current temperature: 0.4368
2025-01-24 09:56:06,996 - Train Loss: 1648652063216874012278784.0000
2025-01-24 09:56:06,996 - Test Loss: 1830930529193728740950016.0000
2025-01-24 09:56:06,996 - FID Score: 0.1199
2025-01-24 09:56:07,016 - 
Epoch 43/50
2025-01-24 09:56:07,017 - Current temperature: 0.4281
2025-01-24 09:56:26,497 - Train Loss: 1902263834913307361280000.0000
2025-01-24 09:56:26,497 - Test Loss: 2109080088471931013038080.0000
2025-01-24 09:56:26,498 - FID Score: 0.1182
2025-01-24 09:56:26,518 - 
Epoch 44/50
2025-01-24 09:56:26,518 - Current temperature: 0.4195
2025-01-24 09:56:47,434 - Train Loss: 2069540766613370923122688.0000
2025-01-24 09:56:47,435 - Test Loss: 2188705450258899037847552.0000
2025-01-24 09:56:47,435 - FID Score: 0.1194
2025-01-24 09:56:47,456 - 
Epoch 45/50
2025-01-24 09:56:47,456 - Current temperature: 0.4111
2025-01-24 09:57:09,654 - Train Loss: 1515016566535305094496256.0000
2025-01-24 09:57:09,654 - Test Loss: 1640315656950873988268032.0000
2025-01-24 09:57:09,654 - FID Score: 0.1182
2025-01-24 09:57:09,676 - 
Epoch 46/50
2025-01-24 09:57:09,676 - Current temperature: 0.4029
2025-01-24 09:57:29,833 - Train Loss: 1926384907841755724906496.0000
2025-01-24 09:57:29,833 - Test Loss: 2210352564817808748183552.0000
2025-01-24 09:57:29,833 - FID Score: 0.1182
2025-01-24 09:57:29,854 - 
Epoch 47/50
2025-01-24 09:57:29,854 - Current temperature: 0.3948
2025-01-24 09:57:52,021 - Train Loss: 2415142913867297094369280.0000
2025-01-24 09:57:52,022 - Test Loss: 2558611785194311650377728.0000
2025-01-24 09:57:52,022 - FID Score: 0.1174
2025-01-24 09:57:52,042 - 
Epoch 48/50
2025-01-24 09:57:52,042 - Current temperature: 0.3869
2025-01-24 09:58:13,061 - Train Loss: 2238992986055249875697664.0000
2025-01-24 09:58:13,061 - Test Loss: 1480871816773116478095360.0000
2025-01-24 09:58:13,061 - FID Score: 0.1189
2025-01-24 09:58:13,081 - 
Epoch 49/50
2025-01-24 09:58:13,081 - Current temperature: 0.3792
2025-01-24 09:58:34,608 - Train Loss: 1800266712793508445421568.0000
2025-01-24 09:58:34,609 - Test Loss: 2031706449937454570930176.0000
2025-01-24 09:58:34,609 - FID Score: 0.1188
2025-01-24 09:58:34,629 - 
Epoch 50/50
2025-01-24 09:58:34,629 - Current temperature: 0.3716
2025-01-24 09:58:56,517 - Train Loss: 1788923474432870651527168.0000
2025-01-24 09:58:56,517 - Test Loss: 1373637380664933505564672.0000
2025-01-24 09:58:56,517 - FID Score: 0.1172
2025-01-24 09:58:56,537 - Training history saved to temperature_annealing_history.json
2025-01-24 09:58:58,529 - 
Final Evaluation:
2025-01-24 09:58:58,529 - Test Loss: 1373637380664933505564672.0000
2025-01-24 09:58:58,529 - FID Score: 0.1172
