2025-01-26 05:55:13,117 [INFO] 
==================================================
Starting experiment set: base
==================================================
2025-01-26 05:55:13,160 [INFO] Starting experiment: base
2025-01-26 05:55:13,160 [INFO] Configuration: {'embed_dim': 64, 'n_layers': 2, 'n_intents': 128, 'temp': 0.2, 'lambda_1': 0.2, 'lambda_2': 1.0, 'dropout': 0.1, 'batch_size': 2048, 'inter_batch': 4096, 'lr': 0.001, 'epochs': 50, 'device': device(type='cuda')}
2025-01-26 06:05:03,669 [INFO] Epoch 1: Loss=24.6054, BPR Loss=0.6924, Contrast Loss=4.0934
Recall@20=0.0241, NDCG@20=0.0144, Recall@40=0.0356, NDCG@40=0.0174, MAD=14357.9100
2025-01-26 06:16:59,848 [INFO] Epoch 2: Loss=6.1646, BPR Loss=0.6931, Contrast Loss=3.5506
Recall@20=0.0272, NDCG@20=0.0167, Recall@40=0.0412, NDCG@40=0.0205, MAD=14340.7413
2025-01-26 06:29:58,229 [INFO] Epoch 3: Loss=6.0936, BPR Loss=0.6931, Contrast Loss=3.5496
Recall@20=0.0245, NDCG@20=0.0152, Recall@40=0.0376, NDCG@40=0.0186, MAD=14357.4292
2025-01-26 06:41:03,516 [INFO] Epoch 4: Loss=6.0904, BPR Loss=0.6931, Contrast Loss=3.5481
Recall@20=0.0262, NDCG@20=0.0157, Recall@40=0.0406, NDCG@40=0.0194, MAD=14264.4600
2025-01-26 06:52:29,909 [INFO] Epoch 5: Loss=6.0742, BPR Loss=0.6931, Contrast Loss=3.5438
Recall@20=0.0246, NDCG@20=0.0154, Recall@40=0.0380, NDCG@40=0.0189, MAD=14338.9624
2025-01-26 07:04:43,133 [INFO] Epoch 6: Loss=6.0549, BPR Loss=0.6931, Contrast Loss=3.5409
Recall@20=0.0236, NDCG@20=0.0143, Recall@40=0.0368, NDCG@40=0.0178, MAD=14358.4014
2025-01-26 07:13:02,026 [INFO] Epoch 7: Loss=6.0542, BPR Loss=0.6931, Contrast Loss=3.5379
Recall@20=0.0235, NDCG@20=0.0145, Recall@40=0.0368, NDCG@40=0.0180, MAD=14321.6576
2025-01-26 07:22:31,190 [INFO] Epoch 8: Loss=6.0553, BPR Loss=0.6931, Contrast Loss=3.5386
Recall@20=0.0251, NDCG@20=0.0160, Recall@40=0.0386, NDCG@40=0.0196, MAD=14357.2418
2025-01-26 07:35:54,573 [INFO] Epoch 9: Loss=5.3283, BPR Loss=0.6931, Contrast Loss=3.4585
Recall@20=0.0215, NDCG@20=0.0132, Recall@40=0.0335, NDCG@40=0.0164, MAD=14354.0128
2025-01-26 07:45:02,236 [INFO] Epoch 10: Loss=5.2847, BPR Loss=0.6931, Contrast Loss=3.4534
Recall@20=0.0251, NDCG@20=0.0155, Recall@40=0.0385, NDCG@40=0.0191, MAD=14350.2092
2025-01-26 07:53:58,131 [INFO] Epoch 11: Loss=5.2476, BPR Loss=0.6931, Contrast Loss=3.4508
Recall@20=0.0257, NDCG@20=0.0160, Recall@40=0.0408, NDCG@40=0.0200, MAD=14348.4899
2025-01-26 08:02:19,157 [INFO] Epoch 12: Loss=5.2164, BPR Loss=0.6931, Contrast Loss=3.4484
Recall@20=0.0278, NDCG@20=0.0169, Recall@40=0.0419, NDCG@40=0.0206, MAD=14347.9346
2025-01-26 08:09:29,893 [INFO] Epoch 13: Loss=5.1885, BPR Loss=0.6931, Contrast Loss=3.4468
Recall@20=0.0269, NDCG@20=0.0167, Recall@40=0.0429, NDCG@40=0.0209, MAD=14349.1516
2025-01-26 08:16:04,261 [INFO] Epoch 14: Loss=5.1693, BPR Loss=0.6931, Contrast Loss=3.4464
Recall@20=0.0257, NDCG@20=0.0158, Recall@40=0.0404, NDCG@40=0.0197, MAD=14357.3479
2025-01-26 08:26:12,364 [INFO] Epoch 15: Loss=5.1572, BPR Loss=0.6931, Contrast Loss=3.4451
Recall@20=0.0289, NDCG@20=0.0185, Recall@40=0.0440, NDCG@40=0.0225, MAD=14354.7328
2025-01-26 08:33:58,058 [INFO] Epoch 16: Loss=5.1674, BPR Loss=0.6931, Contrast Loss=3.4462
Recall@20=0.0275, NDCG@20=0.0175, Recall@40=0.0438, NDCG@40=0.0219, MAD=14355.4118
2025-01-26 08:45:38,979 [INFO] Epoch 17: Loss=5.1563, BPR Loss=0.6931, Contrast Loss=3.4478
Recall@20=0.0298, NDCG@20=0.0187, Recall@40=0.0466, NDCG@40=0.0232, MAD=14351.8278
2025-01-26 08:54:02,285 [INFO] Epoch 18: Loss=5.1633, BPR Loss=0.6931, Contrast Loss=3.4477
Recall@20=0.0301, NDCG@20=0.0185, Recall@40=0.0463, NDCG@40=0.0228, MAD=14354.3937
2025-01-26 09:02:23,729 [INFO] Epoch 19: Loss=5.1690, BPR Loss=0.6931, Contrast Loss=3.4467
Recall@20=0.0322, NDCG@20=0.0198, Recall@40=0.0490, NDCG@40=0.0243, MAD=14356.4469
2025-01-26 09:11:26,350 [INFO] Epoch 20: Loss=5.1770, BPR Loss=0.6931, Contrast Loss=3.4486
Recall@20=0.0293, NDCG@20=0.0182, Recall@40=0.0450, NDCG@40=0.0224, MAD=14326.9697
2025-01-26 09:19:23,575 [INFO] Epoch 21: Loss=5.1776, BPR Loss=0.6931, Contrast Loss=3.4480
Recall@20=0.0310, NDCG@20=0.0191, Recall@40=0.0477, NDCG@40=0.0235, MAD=14318.3496
2025-01-26 09:26:54,859 [INFO] Epoch 22: Loss=5.1848, BPR Loss=0.6931, Contrast Loss=3.4475
Recall@20=0.0314, NDCG@20=0.0193, Recall@40=0.0481, NDCG@40=0.0237, MAD=14317.2215
2025-01-26 09:35:28,519 [INFO] Epoch 23: Loss=5.1759, BPR Loss=0.6931, Contrast Loss=3.4462
Recall@20=0.0308, NDCG@20=0.0187, Recall@40=0.0470, NDCG@40=0.0230, MAD=14316.7228
2025-01-26 09:46:12,563 [INFO] Epoch 24: Loss=5.1810, BPR Loss=0.6931, Contrast Loss=3.4464
Recall@20=0.0294, NDCG@20=0.0185, Recall@40=0.0467, NDCG@40=0.0230, MAD=14349.6694
2025-01-26 09:53:37,295 [INFO] Epoch 25: Loss=5.1742, BPR Loss=0.6931, Contrast Loss=3.4468
Recall@20=0.0325, NDCG@20=0.0199, Recall@40=0.0492, NDCG@40=0.0244, MAD=14353.9569
2025-01-26 09:59:46,332 [INFO] Epoch 26: Loss=5.1773, BPR Loss=0.6931, Contrast Loss=3.4466
Recall@20=0.0320, NDCG@20=0.0197, Recall@40=0.0482, NDCG@40=0.0239, MAD=14264.1674
2025-01-26 10:09:30,134 [INFO] Epoch 27: Loss=5.1709, BPR Loss=0.6931, Contrast Loss=3.4464
Recall@20=0.0316, NDCG@20=0.0198, Recall@40=0.0487, NDCG@40=0.0243, MAD=14336.2289
2025-01-26 10:18:07,045 [INFO] Epoch 28: Loss=5.1682, BPR Loss=0.6931, Contrast Loss=3.4453
Recall@20=0.0326, NDCG@20=0.0199, Recall@40=0.0494, NDCG@40=0.0244, MAD=14353.5972
2025-01-26 10:25:26,506 [INFO] Epoch 29: Loss=5.1696, BPR Loss=0.6931, Contrast Loss=3.4454
Recall@20=0.0327, NDCG@20=0.0203, Recall@40=0.0502, NDCG@40=0.0249, MAD=14357.5090
2025-01-26 10:32:11,602 [INFO] Epoch 30: Loss=5.1654, BPR Loss=0.6931, Contrast Loss=3.4447
Recall@20=0.0325, NDCG@20=0.0198, Recall@40=0.0490, NDCG@40=0.0242, MAD=14343.1728
2025-01-26 10:38:24,436 [INFO] Epoch 31: Loss=5.1641, BPR Loss=0.6931, Contrast Loss=3.4443
Recall@20=0.0296, NDCG@20=0.0181, Recall@40=0.0457, NDCG@40=0.0223, MAD=14353.6502
2025-01-26 10:46:46,480 [INFO] Epoch 32: Loss=5.1621, BPR Loss=0.6931, Contrast Loss=3.4442
Recall@20=0.0303, NDCG@20=0.0191, Recall@40=0.0474, NDCG@40=0.0236, MAD=14356.1114
2025-01-26 10:54:59,520 [INFO] Epoch 33: Loss=5.1600, BPR Loss=0.6931, Contrast Loss=3.4432
Recall@20=0.0313, NDCG@20=0.0187, Recall@40=0.0480, NDCG@40=0.0231, MAD=14323.7101
2025-01-26 11:02:50,383 [INFO] Epoch 34: Loss=5.1633, BPR Loss=0.6931, Contrast Loss=3.4434
Recall@20=0.0326, NDCG@20=0.0201, Recall@40=0.0492, NDCG@40=0.0245, MAD=14357.1882
2025-01-26 11:10:20,110 [INFO] Epoch 35: Loss=5.1624, BPR Loss=0.6931, Contrast Loss=3.4435
Recall@20=0.0313, NDCG@20=0.0197, Recall@40=0.0486, NDCG@40=0.0243, MAD=14352.6219
2025-01-26 11:18:16,519 [INFO] Epoch 36: Loss=4.7148, BPR Loss=0.6931, Contrast Loss=3.3875
Recall@20=0.0305, NDCG@20=0.0191, Recall@40=0.0470, NDCG@40=0.0235, MAD=14349.1980
2025-01-26 11:26:39,192 [INFO] Epoch 37: Loss=4.6925, BPR Loss=0.6931, Contrast Loss=3.3852
Recall@20=0.0297, NDCG@20=0.0185, Recall@40=0.0466, NDCG@40=0.0230, MAD=14340.0711
2025-01-26 11:34:50,542 [INFO] Epoch 38: Loss=4.6826, BPR Loss=0.6931, Contrast Loss=3.3846
Recall@20=0.0308, NDCG@20=0.0192, Recall@40=0.0476, NDCG@40=0.0237, MAD=14347.7680
2025-01-26 11:42:01,711 [INFO] Epoch 39: Loss=4.6794, BPR Loss=0.6931, Contrast Loss=3.3838
Recall@20=0.0311, NDCG@20=0.0191, Recall@40=0.0490, NDCG@40=0.0238, MAD=14336.5074
2025-01-26 11:49:12,598 [INFO] Epoch 40: Loss=4.6769, BPR Loss=0.6931, Contrast Loss=3.3838
Recall@20=0.0307, NDCG@20=0.0187, Recall@40=0.0479, NDCG@40=0.0232, MAD=14341.0602
2025-01-26 11:57:58,722 [INFO] Epoch 41: Loss=4.6681, BPR Loss=0.6931, Contrast Loss=3.3822
Recall@20=0.0283, NDCG@20=0.0177, Recall@40=0.0441, NDCG@40=0.0220, MAD=14346.9486
2025-01-26 12:05:16,843 [INFO] Epoch 42: Loss=4.3685, BPR Loss=0.6931, Contrast Loss=3.3341
Recall@20=0.0284, NDCG@20=0.0169, Recall@40=0.0461, NDCG@40=0.0216, MAD=14334.9569
2025-01-26 12:12:55,047 [INFO] Epoch 43: Loss=4.3406, BPR Loss=0.6931, Contrast Loss=3.3289
Recall@20=0.0287, NDCG@20=0.0169, Recall@40=0.0478, NDCG@40=0.0220, MAD=14337.5878
2025-01-26 12:21:02,552 [INFO] Epoch 44: Loss=4.3306, BPR Loss=0.6931, Contrast Loss=3.3264
Recall@20=0.0280, NDCG@20=0.0166, Recall@40=0.0454, NDCG@40=0.0212, MAD=14338.3745
2025-01-26 12:31:14,707 [INFO] Epoch 45: Loss=4.3240, BPR Loss=0.6931, Contrast Loss=3.3245
Recall@20=0.0280, NDCG@20=0.0165, Recall@40=0.0453, NDCG@40=0.0212, MAD=14332.3205
2025-01-26 12:39:28,904 [INFO] Epoch 46: Loss=4.3218, BPR Loss=0.6931, Contrast Loss=3.3239
Recall@20=0.0269, NDCG@20=0.0155, Recall@40=0.0456, NDCG@40=0.0205, MAD=14336.4685
2025-01-26 12:47:05,456 [INFO] Epoch 47: Loss=4.3203, BPR Loss=0.6931, Contrast Loss=3.3233
Recall@20=0.0275, NDCG@20=0.0160, Recall@40=0.0465, NDCG@40=0.0210, MAD=14340.3791
2025-01-26 12:54:28,719 [INFO] Epoch 48: Loss=4.1639, BPR Loss=0.6931, Contrast Loss=3.2883
Recall@20=0.0201, NDCG@20=0.0111, Recall@40=0.0364, NDCG@40=0.0155, MAD=14328.6241
2025-01-26 13:02:37,804 [INFO] Epoch 49: Loss=4.1544, BPR Loss=0.6931, Contrast Loss=3.2868
Recall@20=0.0202, NDCG@20=0.0112, Recall@40=0.0362, NDCG@40=0.0155, MAD=14331.7909
2025-01-26 13:10:36,403 [INFO] Epoch 50: Loss=4.1507, BPR Loss=0.6931, Contrast Loss=3.2856
Recall@20=0.0206, NDCG@20=0.0113, Recall@40=0.0372, NDCG@40=0.0158, MAD=14333.0311
2025-01-26 13:10:36,437 [INFO] Best model at epoch 29 with Recall@20=0.0327
2025-01-26 13:10:36,606 [INFO] 
==================================================
Starting experiment set: deeper_gnn
==================================================
2025-01-26 13:10:36,607 [INFO] Starting experiment: deeper_gnn
2025-01-26 13:10:36,607 [INFO] Configuration: {'embed_dim': 64, 'n_layers': 3, 'n_intents': 128, 'temp': 0.2, 'lambda_1': 0.2, 'lambda_2': 1.0, 'dropout': 0.2, 'batch_size': 2048, 'inter_batch': 4096, 'lr': 0.001, 'epochs': 50, 'device': device(type='cuda')}
2025-01-26 13:18:29,615 [INFO] Epoch 1: Loss=24.1174, BPR Loss=0.6875, Contrast Loss=4.1774
Recall@20=0.0427, NDCG@20=0.0247, Recall@40=0.0636, NDCG@40=0.0303, MAD=14324.7661
2025-01-26 13:25:50,842 [INFO] Epoch 2: Loss=5.8554, BPR Loss=0.6931, Contrast Loss=3.5095
Recall@20=0.0366, NDCG@20=0.0230, Recall@40=0.0537, NDCG@40=0.0275, MAD=14357.4580
2025-01-26 13:33:50,866 [INFO] Epoch 3: Loss=5.8140, BPR Loss=0.6931, Contrast Loss=3.4895
Recall@20=0.0350, NDCG@20=0.0221, Recall@40=0.0523, NDCG@40=0.0267, MAD=14337.8295
2025-01-26 13:43:27,079 [INFO] Epoch 4: Loss=5.8100, BPR Loss=0.6931, Contrast Loss=3.4836
Recall@20=0.0383, NDCG@20=0.0233, Recall@40=0.0561, NDCG@40=0.0280, MAD=14249.4207
2025-01-26 13:53:05,707 [INFO] Epoch 5: Loss=5.8079, BPR Loss=0.6931, Contrast Loss=3.4790
Recall@20=0.0419, NDCG@20=0.0253, Recall@40=0.0613, NDCG@40=0.0304, MAD=14313.6363
2025-01-26 14:02:25,472 [INFO] Epoch 6: Loss=5.7940, BPR Loss=0.6931, Contrast Loss=3.4811
Recall@20=0.0369, NDCG@20=0.0234, Recall@40=0.0549, NDCG@40=0.0282, MAD=14345.3988
2025-01-26 14:10:17,606 [INFO] Epoch 7: Loss=5.8031, BPR Loss=0.6931, Contrast Loss=3.4769
Recall@20=0.0317, NDCG@20=0.0192, Recall@40=0.0467, NDCG@40=0.0231, MAD=14214.6596
2025-01-26 14:15:38,670 [INFO] Epoch 8: Loss=5.1643, BPR Loss=0.6931, Contrast Loss=3.3945
Recall@20=0.0356, NDCG@20=0.0220, Recall@40=0.0533, NDCG@40=0.0267, MAD=14355.9645
2025-01-26 14:20:11,838 [INFO] Epoch 9: Loss=5.1211, BPR Loss=0.6931, Contrast Loss=3.3918
Recall@20=0.0355, NDCG@20=0.0223, Recall@40=0.0545, NDCG@40=0.0273, MAD=14355.1587
2025-01-26 14:26:29,810 [INFO] Epoch 10: Loss=5.0760, BPR Loss=0.6931, Contrast Loss=3.3893
Recall@20=0.0366, NDCG@20=0.0228, Recall@40=0.0542, NDCG@40=0.0275, MAD=14359.2634
2025-01-26 14:32:57,447 [INFO] Epoch 11: Loss=5.0361, BPR Loss=0.6931, Contrast Loss=3.3865
Recall@20=0.0414, NDCG@20=0.0255, Recall@40=0.0614, NDCG@40=0.0308, MAD=14358.5457
2025-01-26 14:40:46,236 [INFO] Epoch 12: Loss=5.0096, BPR Loss=0.6931, Contrast Loss=3.3829
Recall@20=0.0407, NDCG@20=0.0251, Recall@40=0.0613, NDCG@40=0.0305, MAD=14353.1631
2025-01-26 14:50:16,807 [INFO] Epoch 13: Loss=4.9968, BPR Loss=0.6931, Contrast Loss=3.3814
Recall@20=0.0423, NDCG@20=0.0266, Recall@40=0.0617, NDCG@40=0.0317, MAD=14358.7060
2025-01-26 15:03:15,007 [INFO] Epoch 14: Loss=4.5800, BPR Loss=0.6931, Contrast Loss=3.3264
Recall@20=0.0435, NDCG@20=0.0266, Recall@40=0.0625, NDCG@40=0.0317, MAD=14348.0158
2025-01-26 15:12:22,843 [INFO] Epoch 15: Loss=4.5587, BPR Loss=0.6931, Contrast Loss=3.3241
Recall@20=0.0407, NDCG@20=0.0245, Recall@40=0.0617, NDCG@40=0.0300, MAD=14346.2059
2025-01-26 15:24:50,002 [INFO] Epoch 16: Loss=4.5570, BPR Loss=0.6931, Contrast Loss=3.3246
Recall@20=0.0447, NDCG@20=0.0270, Recall@40=0.0652, NDCG@40=0.0324, MAD=14350.9996
2025-01-26 15:33:58,724 [INFO] Epoch 17: Loss=4.5525, BPR Loss=0.6931, Contrast Loss=3.3247
Recall@20=0.0442, NDCG@20=0.0270, Recall@40=0.0663, NDCG@40=0.0328, MAD=14347.4556
2025-01-26 15:43:43,176 [INFO] Epoch 18: Loss=4.5426, BPR Loss=0.6931, Contrast Loss=3.3233
Recall@20=0.0442, NDCG@20=0.0265, Recall@40=0.0661, NDCG@40=0.0323, MAD=14352.9246
2025-01-26 15:51:28,219 [INFO] Epoch 19: Loss=4.5454, BPR Loss=0.6931, Contrast Loss=3.3233
Recall@20=0.0430, NDCG@20=0.0256, Recall@40=0.0643, NDCG@40=0.0312, MAD=14342.6270
2025-01-26 16:00:30,739 [INFO] Epoch 20: Loss=4.5482, BPR Loss=0.6931, Contrast Loss=3.3236
Recall@20=0.0440, NDCG@20=0.0266, Recall@40=0.0670, NDCG@40=0.0326, MAD=14350.2249
2025-01-26 16:13:44,914 [INFO] Epoch 21: Loss=4.5506, BPR Loss=0.6931, Contrast Loss=3.3237
Recall@20=0.0436, NDCG@20=0.0264, Recall@40=0.0659, NDCG@40=0.0323, MAD=14347.1212
2025-01-26 16:23:39,007 [INFO] Epoch 22: Loss=4.5521, BPR Loss=0.6931, Contrast Loss=3.3234
Recall@20=0.0447, NDCG@20=0.0263, Recall@40=0.0663, NDCG@40=0.0320, MAD=14348.6524
2025-01-26 16:35:14,280 [INFO] Epoch 23: Loss=4.2871, BPR Loss=0.6931, Contrast Loss=3.2860
Recall@20=0.0443, NDCG@20=0.0263, Recall@40=0.0661, NDCG@40=0.0321, MAD=14347.0651
2025-01-26 16:41:26,889 [INFO] Epoch 24: Loss=4.2732, BPR Loss=0.6931, Contrast Loss=3.2846
Recall@20=0.0455, NDCG@20=0.0270, Recall@40=0.0684, NDCG@40=0.0330, MAD=14347.2743
2025-01-26 16:46:01,813 [INFO] Epoch 25: Loss=4.2699, BPR Loss=0.6931, Contrast Loss=3.2840
Recall@20=0.0451, NDCG@20=0.0268, Recall@40=0.0685, NDCG@40=0.0329, MAD=14343.6446
2025-01-26 16:51:06,669 [INFO] Epoch 26: Loss=4.2680, BPR Loss=0.6931, Contrast Loss=3.2838
Recall@20=0.0447, NDCG@20=0.0264, Recall@40=0.0676, NDCG@40=0.0323, MAD=14344.9061
2025-01-26 16:56:25,916 [INFO] Epoch 27: Loss=4.2659, BPR Loss=0.6931, Contrast Loss=3.2837
Recall@20=0.0462, NDCG@20=0.0272, Recall@40=0.0680, NDCG@40=0.0330, MAD=14349.9210
2025-01-26 17:05:13,612 [INFO] Epoch 28: Loss=4.2641, BPR Loss=0.6931, Contrast Loss=3.2832
Recall@20=0.0464, NDCG@20=0.0274, Recall@40=0.0689, NDCG@40=0.0334, MAD=14344.7426
2025-01-26 17:12:40,152 [INFO] Epoch 29: Loss=4.2638, BPR Loss=0.6931, Contrast Loss=3.2832
Recall@20=0.0446, NDCG@20=0.0265, Recall@40=0.0659, NDCG@40=0.0321, MAD=14353.3349
2025-01-26 17:21:24,510 [INFO] Epoch 30: Loss=4.2634, BPR Loss=0.6931, Contrast Loss=3.2832
Recall@20=0.0454, NDCG@20=0.0272, Recall@40=0.0683, NDCG@40=0.0333, MAD=14345.9784
2025-01-26 17:26:11,437 [INFO] Epoch 31: Loss=4.2628, BPR Loss=0.6931, Contrast Loss=3.2831
Recall@20=0.0454, NDCG@20=0.0270, Recall@40=0.0693, NDCG@40=0.0332, MAD=14347.2806
2025-01-26 17:34:48,582 [INFO] Epoch 32: Loss=4.2620, BPR Loss=0.6931, Contrast Loss=3.2829
Recall@20=0.0455, NDCG@20=0.0274, Recall@40=0.0684, NDCG@40=0.0334, MAD=14342.8652
2025-01-26 17:39:56,177 [INFO] Epoch 33: Loss=4.2628, BPR Loss=0.6931, Contrast Loss=3.2832
Recall@20=0.0455, NDCG@20=0.0270, Recall@40=0.0682, NDCG@40=0.0330, MAD=14345.4390
2025-01-26 17:48:30,443 [INFO] Epoch 34: Loss=4.2623, BPR Loss=0.6931, Contrast Loss=3.2832
Recall@20=0.0448, NDCG@20=0.0265, Recall@40=0.0674, NDCG@40=0.0325, MAD=14345.3848
2025-01-26 17:53:43,675 [INFO] Epoch 35: Loss=4.1174, BPR Loss=0.6931, Contrast Loss=3.2542
Recall@20=0.0420, NDCG@20=0.0247, Recall@40=0.0632, NDCG@40=0.0303, MAD=14339.6434
2025-01-26 17:59:04,245 [INFO] Epoch 36: Loss=4.1113, BPR Loss=0.6931, Contrast Loss=3.2539
Recall@20=0.0415, NDCG@20=0.0242, Recall@40=0.0634, NDCG@40=0.0300, MAD=14350.4122
2025-01-26 18:04:15,637 [INFO] Epoch 37: Loss=4.1088, BPR Loss=0.6931, Contrast Loss=3.2533
Recall@20=0.0410, NDCG@20=0.0243, Recall@40=0.0619, NDCG@40=0.0299, MAD=14346.3644
2025-01-26 18:09:25,747 [INFO] Epoch 38: Loss=4.1076, BPR Loss=0.6931, Contrast Loss=3.2532
Recall@20=0.0423, NDCG@20=0.0248, Recall@40=0.0635, NDCG@40=0.0304, MAD=14347.0110
2025-01-26 18:23:40,627 [INFO] Epoch 39: Loss=4.1067, BPR Loss=0.6931, Contrast Loss=3.2532
Recall@20=0.0427, NDCG@20=0.0250, Recall@40=0.0653, NDCG@40=0.0310, MAD=14350.9004
2025-01-26 18:32:38,055 [INFO] Epoch 40: Loss=4.1063, BPR Loss=0.6931, Contrast Loss=3.2531
Recall@20=0.0423, NDCG@20=0.0247, Recall@40=0.0641, NDCG@40=0.0304, MAD=14349.0583
2025-01-26 18:41:53,176 [INFO] Epoch 41: Loss=4.0226, BPR Loss=0.6931, Contrast Loss=3.2309
Recall@20=0.0371, NDCG@20=0.0215, Recall@40=0.0569, NDCG@40=0.0268, MAD=14341.0442
2025-01-26 18:47:06,310 [INFO] Epoch 42: Loss=4.0186, BPR Loss=0.6931, Contrast Loss=3.2310
Recall@20=0.0380, NDCG@20=0.0220, Recall@40=0.0585, NDCG@40=0.0274, MAD=14339.6675
2025-01-26 18:56:04,308 [INFO] Epoch 43: Loss=4.0168, BPR Loss=0.6931, Contrast Loss=3.2305
Recall@20=0.0369, NDCG@20=0.0213, Recall@40=0.0579, NDCG@40=0.0269, MAD=14342.4523
2025-01-26 19:01:20,142 [INFO] Epoch 44: Loss=4.0153, BPR Loss=0.6931, Contrast Loss=3.2301
Recall@20=0.0374, NDCG@20=0.0218, Recall@40=0.0580, NDCG@40=0.0273, MAD=14343.4956
2025-01-26 19:06:20,759 [INFO] Epoch 45: Loss=4.0146, BPR Loss=0.6931, Contrast Loss=3.2299
Recall@20=0.0370, NDCG@20=0.0216, Recall@40=0.0575, NDCG@40=0.0270, MAD=14342.9919
2025-01-26 19:11:50,359 [INFO] Epoch 46: Loss=4.0138, BPR Loss=0.6931, Contrast Loss=3.2296
Recall@20=0.0376, NDCG@20=0.0217, Recall@40=0.0589, NDCG@40=0.0274, MAD=14339.2061
2025-01-26 19:26:07,194 [INFO] Epoch 47: Loss=3.9641, BPR Loss=0.6931, Contrast Loss=3.2129
Recall@20=0.0319, NDCG@20=0.0183, Recall@40=0.0525, NDCG@40=0.0238, MAD=14337.9231
2025-01-26 19:32:23,464 [INFO] Epoch 48: Loss=3.9610, BPR Loss=0.6931, Contrast Loss=3.2136
Recall@20=0.0330, NDCG@20=0.0186, Recall@40=0.0527, NDCG@40=0.0239, MAD=14337.8145
2025-01-26 19:37:23,960 [INFO] Epoch 49: Loss=3.9599, BPR Loss=0.6931, Contrast Loss=3.2133
Recall@20=0.0317, NDCG@20=0.0183, Recall@40=0.0511, NDCG@40=0.0235, MAD=14338.1870
2025-01-26 19:42:27,528 [INFO] Epoch 50: Loss=3.9590, BPR Loss=0.6931, Contrast Loss=3.2129
Recall@20=0.0326, NDCG@20=0.0186, Recall@40=0.0521, NDCG@40=0.0238, MAD=14339.1113
2025-01-26 19:42:27,536 [INFO] Best model at epoch 28 with Recall@20=0.0464
2025-01-26 19:42:27,702 [INFO] 
==================================================
Starting experiment set: more_intents
==================================================
2025-01-26 19:42:27,702 [INFO] Starting experiment: more_intents
2025-01-26 19:42:27,702 [INFO] Configuration: {'embed_dim': 64, 'n_layers': 2, 'n_intents': 256, 'temp': 0.2, 'lambda_1': 0.2, 'lambda_2': 1.5, 'dropout': 0.1, 'batch_size': 2048, 'inter_batch': 4096, 'lr': 0.001, 'epochs': 50, 'device': device(type='cuda')}
2025-01-26 19:47:24,570 [INFO] Epoch 1: Loss=32.4173, BPR Loss=0.6930, Contrast Loss=3.8869
Recall@20=0.0269, NDCG@20=0.0163, Recall@40=0.0402, NDCG@40=0.0198, MAD=14351.4904
2025-01-26 19:56:40,754 [INFO] Epoch 2: Loss=6.1838, BPR Loss=0.6931, Contrast Loss=3.5351
Recall@20=0.0245, NDCG@20=0.0151, Recall@40=0.0381, NDCG@40=0.0187, MAD=14267.2531
2025-01-26 20:06:28,055 [INFO] Epoch 3: Loss=6.2111, BPR Loss=0.6931, Contrast Loss=3.5410
Recall@20=0.0261, NDCG@20=0.0158, Recall@40=0.0386, NDCG@40=0.0191, MAD=14266.3593
2025-01-26 20:11:03,501 [INFO] Epoch 4: Loss=6.2438, BPR Loss=0.6931, Contrast Loss=3.5424
Recall@20=0.0222, NDCG@20=0.0136, Recall@40=0.0352, NDCG@40=0.0171, MAD=14349.6286
2025-01-26 20:16:11,101 [INFO] Epoch 5: Loss=6.2712, BPR Loss=0.6931, Contrast Loss=3.5436
Recall@20=0.0251, NDCG@20=0.0154, Recall@40=0.0387, NDCG@40=0.0190, MAD=14330.2300
2025-01-26 20:25:11,433 [INFO] Epoch 6: Loss=6.2699, BPR Loss=0.6931, Contrast Loss=3.5466
Recall@20=0.0249, NDCG@20=0.0153, Recall@40=0.0378, NDCG@40=0.0187, MAD=14344.3050
2025-01-26 20:29:41,909 [INFO] Epoch 7: Loss=6.2911, BPR Loss=0.6931, Contrast Loss=3.5466
Recall@20=0.0230, NDCG@20=0.0140, Recall@40=0.0367, NDCG@40=0.0176, MAD=14354.7278
2025-01-26 20:34:52,465 [INFO] Epoch 8: Loss=5.5448, BPR Loss=0.6931, Contrast Loss=3.4664
Recall@20=0.0253, NDCG@20=0.0151, Recall@40=0.0383, NDCG@40=0.0186, MAD=14331.6515
2025-01-26 20:40:00,731 [INFO] Epoch 9: Loss=5.5051, BPR Loss=0.6931, Contrast Loss=3.4643
Recall@20=0.0276, NDCG@20=0.0168, Recall@40=0.0418, NDCG@40=0.0206, MAD=14306.9490
2025-01-26 20:45:05,248 [INFO] Epoch 10: Loss=5.4698, BPR Loss=0.6931, Contrast Loss=3.4634
Recall@20=0.0268, NDCG@20=0.0164, Recall@40=0.0400, NDCG@40=0.0199, MAD=14356.4591
2025-01-26 20:53:53,717 [INFO] Epoch 11: Loss=5.4604, BPR Loss=0.6931, Contrast Loss=3.4629
Recall@20=0.0287, NDCG@20=0.0183, Recall@40=0.0428, NDCG@40=0.0220, MAD=14267.2188
2025-01-26 20:59:00,237 [INFO] Epoch 12: Loss=5.4351, BPR Loss=0.6931, Contrast Loss=3.4616
Recall@20=0.0307, NDCG@20=0.0193, Recall@40=0.0458, NDCG@40=0.0233, MAD=14339.4210
2025-01-26 21:04:05,404 [INFO] Epoch 13: Loss=5.4166, BPR Loss=0.6931, Contrast Loss=3.4598
Recall@20=0.0316, NDCG@20=0.0197, Recall@40=0.0475, NDCG@40=0.0239, MAD=14291.1450
2025-01-26 21:09:10,882 [INFO] Epoch 14: Loss=5.3932, BPR Loss=0.6931, Contrast Loss=3.4595
Recall@20=0.0329, NDCG@20=0.0208, Recall@40=0.0488, NDCG@40=0.0250, MAD=14335.6390
2025-01-26 21:14:16,668 [INFO] Epoch 15: Loss=5.3881, BPR Loss=0.6931, Contrast Loss=3.4588
Recall@20=0.0334, NDCG@20=0.0210, Recall@40=0.0491, NDCG@40=0.0252, MAD=14355.6308
2025-01-26 21:19:23,124 [INFO] Epoch 16: Loss=5.3767, BPR Loss=0.6931, Contrast Loss=3.4586
Recall@20=0.0338, NDCG@20=0.0209, Recall@40=0.0507, NDCG@40=0.0253, MAD=14350.8951
2025-01-26 21:24:26,715 [INFO] Epoch 17: Loss=5.3714, BPR Loss=0.6931, Contrast Loss=3.4585
Recall@20=0.0332, NDCG@20=0.0207, Recall@40=0.0501, NDCG@40=0.0252, MAD=14353.1488
2025-01-26 21:29:36,738 [INFO] Epoch 18: Loss=5.3669, BPR Loss=0.6931, Contrast Loss=3.4582
Recall@20=0.0333, NDCG@20=0.0205, Recall@40=0.0502, NDCG@40=0.0250, MAD=14304.2200
2025-01-26 21:38:37,752 [INFO] Epoch 19: Loss=5.3546, BPR Loss=0.6931, Contrast Loss=3.4561
Recall@20=0.0328, NDCG@20=0.0204, Recall@40=0.0497, NDCG@40=0.0249, MAD=14334.2358
2025-01-26 21:43:50,376 [INFO] Epoch 20: Loss=5.3674, BPR Loss=0.6931, Contrast Loss=3.4569
Recall@20=0.0344, NDCG@20=0.0212, Recall@40=0.0521, NDCG@40=0.0258, MAD=14335.6979
2025-01-26 21:48:48,854 [INFO] Epoch 21: Loss=5.3537, BPR Loss=0.6931, Contrast Loss=3.4582
Recall@20=0.0342, NDCG@20=0.0219, Recall@40=0.0509, NDCG@40=0.0263, MAD=14349.3171
2025-01-26 21:57:48,912 [INFO] Epoch 22: Loss=5.3607, BPR Loss=0.6931, Contrast Loss=3.4587
Recall@20=0.0353, NDCG@20=0.0215, Recall@40=0.0529, NDCG@40=0.0262, MAD=14322.9493
2025-01-26 22:06:47,161 [INFO] Epoch 23: Loss=5.3603, BPR Loss=0.6931, Contrast Loss=3.4582
Recall@20=0.0349, NDCG@20=0.0221, Recall@40=0.0507, NDCG@40=0.0263, MAD=14270.2225
2025-01-26 22:11:56,795 [INFO] Epoch 24: Loss=5.3541, BPR Loss=0.6931, Contrast Loss=3.4574
Recall@20=0.0347, NDCG@20=0.0220, Recall@40=0.0514, NDCG@40=0.0265, MAD=14340.6348
2025-01-26 22:16:41,614 [INFO] Epoch 25: Loss=5.3538, BPR Loss=0.6931, Contrast Loss=3.4577
Recall@20=0.0350, NDCG@20=0.0220, Recall@40=0.0538, NDCG@40=0.0269, MAD=14339.0063
2025-01-26 22:21:48,815 [INFO] Epoch 26: Loss=5.3464, BPR Loss=0.6931, Contrast Loss=3.4559
Recall@20=0.0364, NDCG@20=0.0229, Recall@40=0.0537, NDCG@40=0.0274, MAD=14280.4107
2025-01-26 22:26:46,352 [INFO] Epoch 27: Loss=5.3471, BPR Loss=0.6931, Contrast Loss=3.4552
Recall@20=0.0372, NDCG@20=0.0232, Recall@40=0.0561, NDCG@40=0.0281, MAD=14288.3731
2025-01-26 22:31:57,166 [INFO] Epoch 28: Loss=5.3450, BPR Loss=0.6931, Contrast Loss=3.4562
Recall@20=0.0349, NDCG@20=0.0214, Recall@40=0.0535, NDCG@40=0.0263, MAD=14357.6513
2025-01-26 22:36:36,233 [INFO] Epoch 29: Loss=5.3416, BPR Loss=0.6931, Contrast Loss=3.4556
Recall@20=0.0353, NDCG@20=0.0222, Recall@40=0.0532, NDCG@40=0.0269, MAD=14344.1634
2025-01-26 22:41:48,542 [INFO] Epoch 30: Loss=5.3446, BPR Loss=0.6931, Contrast Loss=3.4552
Recall@20=0.0373, NDCG@20=0.0233, Recall@40=0.0558, NDCG@40=0.0282, MAD=14333.1032
2025-01-26 22:47:03,614 [INFO] Epoch 31: Loss=5.3470, BPR Loss=0.6931, Contrast Loss=3.4551
Recall@20=0.0356, NDCG@20=0.0222, Recall@40=0.0528, NDCG@40=0.0267, MAD=14299.2550
2025-01-26 22:52:14,316 [INFO] Epoch 32: Loss=5.3506, BPR Loss=0.6931, Contrast Loss=3.4550
Recall@20=0.0357, NDCG@20=0.0222, Recall@40=0.0544, NDCG@40=0.0271, MAD=14272.7429
2025-01-26 22:57:09,569 [INFO] Epoch 33: Loss=5.3496, BPR Loss=0.6931, Contrast Loss=3.4563
Recall@20=0.0380, NDCG@20=0.0234, Recall@40=0.0556, NDCG@40=0.0280, MAD=14297.4386
2025-01-26 23:02:30,439 [INFO] Epoch 34: Loss=5.3400, BPR Loss=0.6931, Contrast Loss=3.4558
Recall@20=0.0366, NDCG@20=0.0226, Recall@40=0.0542, NDCG@40=0.0272, MAD=14295.4892
2025-01-26 23:16:11,331 [INFO] Epoch 35: Loss=5.3486, BPR Loss=0.6931, Contrast Loss=3.4552
Recall@20=0.0363, NDCG@20=0.0221, Recall@40=0.0552, NDCG@40=0.0271, MAD=14305.3129
2025-01-26 23:24:22,675 [INFO] Epoch 36: Loss=5.3532, BPR Loss=0.6931, Contrast Loss=3.4555
Recall@20=0.0361, NDCG@20=0.0228, Recall@40=0.0542, NDCG@40=0.0276, MAD=14356.4230
2025-01-26 23:29:20,362 [INFO] Epoch 37: Loss=5.3566, BPR Loss=0.6931, Contrast Loss=3.4562
Recall@20=0.0340, NDCG@20=0.0209, Recall@40=0.0517, NDCG@40=0.0255, MAD=14348.8648
2025-01-26 23:33:59,151 [INFO] Epoch 38: Loss=5.3646, BPR Loss=0.6931, Contrast Loss=3.4577
Recall@20=0.0350, NDCG@20=0.0223, Recall@40=0.0526, NDCG@40=0.0269, MAD=14300.5507
2025-01-26 23:39:03,244 [INFO] Epoch 39: Loss=5.3783, BPR Loss=0.6931, Contrast Loss=3.4587
Recall@20=0.0362, NDCG@20=0.0226, Recall@40=0.0528, NDCG@40=0.0270, MAD=14340.0240
2025-01-26 23:48:16,144 [INFO] Epoch 40: Loss=4.8420, BPR Loss=0.6931, Contrast Loss=3.3965
Recall@20=0.0365, NDCG@20=0.0219, Recall@40=0.0560, NDCG@40=0.0270, MAD=14321.2994
2025-01-26 23:57:36,680 [INFO] Epoch 41: Loss=4.8220, BPR Loss=0.6931, Contrast Loss=3.3949
Recall@20=0.0354, NDCG@20=0.0217, Recall@40=0.0539, NDCG@40=0.0266, MAD=14333.4934
2025-01-27 00:02:41,992 [INFO] Epoch 42: Loss=4.8146, BPR Loss=0.6931, Contrast Loss=3.3941
Recall@20=0.0359, NDCG@20=0.0219, Recall@40=0.0564, NDCG@40=0.0273, MAD=14352.1168
2025-01-27 00:11:57,731 [INFO] Epoch 43: Loss=4.8098, BPR Loss=0.6931, Contrast Loss=3.3936
Recall@20=0.0353, NDCG@20=0.0215, Recall@40=0.0540, NDCG@40=0.0265, MAD=14325.6520
2025-01-27 00:25:35,401 [INFO] Epoch 44: Loss=4.8091, BPR Loss=0.6931, Contrast Loss=3.3939
Recall@20=0.0369, NDCG@20=0.0224, Recall@40=0.0563, NDCG@40=0.0275, MAD=14341.4794
2025-01-27 00:34:13,581 [INFO] Epoch 45: Loss=4.8123, BPR Loss=0.6931, Contrast Loss=3.3942
Recall@20=0.0384, NDCG@20=0.0230, Recall@40=0.0581, NDCG@40=0.0282, MAD=14348.6619
2025-01-27 00:43:15,817 [INFO] Epoch 46: Loss=4.8102, BPR Loss=0.6931, Contrast Loss=3.3934
Recall@20=0.0358, NDCG@20=0.0217, Recall@40=0.0551, NDCG@40=0.0268, MAD=14332.0075
2025-01-27 00:48:18,825 [INFO] Epoch 47: Loss=4.8094, BPR Loss=0.6931, Contrast Loss=3.3941
Recall@20=0.0374, NDCG@20=0.0225, Recall@40=0.0552, NDCG@40=0.0272, MAD=14343.4798
2025-01-27 00:57:02,745 [INFO] Epoch 48: Loss=4.8173, BPR Loss=0.6931, Contrast Loss=3.3944
Recall@20=0.0369, NDCG@20=0.0230, Recall@40=0.0570, NDCG@40=0.0283, MAD=14321.2048
2025-01-27 01:01:47,053 [INFO] Epoch 49: Loss=4.8212, BPR Loss=0.6931, Contrast Loss=3.3955
Recall@20=0.0345, NDCG@20=0.0214, Recall@40=0.0535, NDCG@40=0.0264, MAD=14342.9700
2025-01-27 01:08:16,150 [INFO] Epoch 50: Loss=4.8281, BPR Loss=0.6931, Contrast Loss=3.3967
Recall@20=0.0380, NDCG@20=0.0231, Recall@40=0.0570, NDCG@40=0.0281, MAD=14312.5837
2025-01-27 01:08:16,154 [INFO] Best model at epoch 45 with Recall@20=0.0384
2025-01-27 01:08:16,332 [INFO] 
==================================================
Starting experiment set: balanced_loss
==================================================
2025-01-27 01:08:16,333 [INFO] Starting experiment: balanced_loss
2025-01-27 01:08:16,333 [INFO] Configuration: {'embed_dim': 64, 'n_layers': 2, 'n_intents': 128, 'temp': 0.1, 'lambda_1': 1.0, 'lambda_2': 1.0, 'dropout': 0.1, 'batch_size': 2048, 'inter_batch': 4096, 'lr': 0.001, 'epochs': 50, 'device': device(type='cuda')}
2025-01-27 01:12:39,590 [INFO] Epoch 1: Loss=44.6511, BPR Loss=0.6924, Contrast Loss=19.3165
Recall@20=0.0269, NDCG@20=0.0180, Recall@40=0.0391, NDCG@40=0.0213, MAD=13962.7465
2025-01-27 01:20:55,166 [INFO] Epoch 2: Loss=22.8875, BPR Loss=0.6931, Contrast Loss=17.3744
Recall@20=0.0233, NDCG@20=0.0156, Recall@40=0.0325, NDCG@40=0.0180, MAD=13758.9703
2025-01-27 01:30:31,848 [INFO] Epoch 3: Loss=22.6056, BPR Loss=0.6931, Contrast Loss=17.3256
Recall@20=0.0221, NDCG@20=0.0148, Recall@40=0.0306, NDCG@40=0.0171, MAD=13769.9138
2025-01-27 01:40:31,046 [INFO] Epoch 4: Loss=22.5148, BPR Loss=0.6931, Contrast Loss=17.3037
Recall@20=0.0217, NDCG@20=0.0144, Recall@40=0.0306, NDCG@40=0.0168, MAD=13691.9589
2025-01-27 01:49:11,484 [INFO] Epoch 5: Loss=22.4835, BPR Loss=0.6931, Contrast Loss=17.2907
Recall@20=0.0265, NDCG@20=0.0171, Recall@40=0.0375, NDCG@40=0.0200, MAD=13891.6840
2025-01-27 01:57:53,911 [INFO] Epoch 6: Loss=22.4865, BPR Loss=0.6931, Contrast Loss=17.2759
Recall@20=0.0250, NDCG@20=0.0163, Recall@40=0.0364, NDCG@40=0.0194, MAD=13866.2929
2025-01-27 02:08:47,640 [INFO] Epoch 7: Loss=22.4974, BPR Loss=0.6931, Contrast Loss=17.2692
Recall@20=0.0238, NDCG@20=0.0152, Recall@40=0.0345, NDCG@40=0.0181, MAD=13633.5914
2025-01-27 02:17:26,951 [INFO] Epoch 8: Loss=20.4342, BPR Loss=0.6931, Contrast Loss=16.8670
Recall@20=0.0238, NDCG@20=0.0153, Recall@40=0.0344, NDCG@40=0.0181, MAD=13900.6777
2025-01-27 02:26:07,524 [INFO] Epoch 9: Loss=20.3395, BPR Loss=0.6931, Contrast Loss=16.8021
Recall@20=0.0257, NDCG@20=0.0159, Recall@40=0.0374, NDCG@40=0.0190, MAD=13819.8781
2025-01-27 02:30:16,537 [INFO] Epoch 10: Loss=20.2843, BPR Loss=0.6931, Contrast Loss=16.7727
Recall@20=0.0243, NDCG@20=0.0154, Recall@40=0.0358, NDCG@40=0.0184, MAD=13804.8755
2025-01-27 02:34:57,216 [INFO] Epoch 11: Loss=20.2516, BPR Loss=0.6931, Contrast Loss=16.7589
Recall@20=0.0241, NDCG@20=0.0151, Recall@40=0.0352, NDCG@40=0.0180, MAD=13802.6862
2025-01-27 02:44:41,863 [INFO] Epoch 12: Loss=20.2354, BPR Loss=0.6931, Contrast Loss=16.7344
Recall@20=0.0256, NDCG@20=0.0156, Recall@40=0.0381, NDCG@40=0.0189, MAD=13843.8607
2025-01-27 02:49:25,034 [INFO] Epoch 13: Loss=20.2172, BPR Loss=0.6931, Contrast Loss=16.7265
Recall@20=0.0244, NDCG@20=0.0151, Recall@40=0.0361, NDCG@40=0.0182, MAD=13850.0844
2025-01-27 02:53:32,936 [INFO] Epoch 14: Loss=18.9139, BPR Loss=0.6931, Contrast Loss=16.4182
Recall@20=0.0220, NDCG@20=0.0138, Recall@40=0.0336, NDCG@40=0.0168, MAD=13936.9914
2025-01-27 02:57:57,503 [INFO] Epoch 15: Loss=18.8519, BPR Loss=0.6931, Contrast Loss=16.3916
Recall@20=0.0209, NDCG@20=0.0130, Recall@40=0.0313, NDCG@40=0.0158, MAD=13941.2415
2025-01-27 03:02:19,663 [INFO] Epoch 16: Loss=18.8226, BPR Loss=0.6931, Contrast Loss=16.3769
Recall@20=0.0217, NDCG@20=0.0139, Recall@40=0.0327, NDCG@40=0.0168, MAD=13867.1409
2025-01-27 03:06:57,394 [INFO] Epoch 17: Loss=18.7933, BPR Loss=0.6931, Contrast Loss=16.3648
Recall@20=0.0203, NDCG@20=0.0129, Recall@40=0.0303, NDCG@40=0.0155, MAD=13860.1256
2025-01-27 03:16:17,960 [INFO] Epoch 18: Loss=18.7851, BPR Loss=0.6931, Contrast Loss=16.3553
Recall@20=0.0219, NDCG@20=0.0138, Recall@40=0.0333, NDCG@40=0.0168, MAD=13908.6988
2025-01-27 03:20:34,016 [INFO] Epoch 19: Loss=18.7700, BPR Loss=0.6931, Contrast Loss=16.3561
Recall@20=0.0213, NDCG@20=0.0134, Recall@40=0.0330, NDCG@40=0.0165, MAD=13884.0598
2025-01-27 03:24:54,129 [INFO] Epoch 20: Loss=17.9116, BPR Loss=0.6931, Contrast Loss=16.1277
Recall@20=0.0178, NDCG@20=0.0113, Recall@40=0.0281, NDCG@40=0.0140, MAD=13955.1416
2025-01-27 03:29:21,641 [INFO] Epoch 21: Loss=17.8746, BPR Loss=0.6931, Contrast Loss=16.1115
Recall@20=0.0180, NDCG@20=0.0116, Recall@40=0.0280, NDCG@40=0.0142, MAD=13901.1483
2025-01-27 03:37:41,924 [INFO] Epoch 22: Loss=17.8553, BPR Loss=0.6931, Contrast Loss=16.1029
Recall@20=0.0176, NDCG@20=0.0112, Recall@40=0.0276, NDCG@40=0.0139, MAD=13910.6237
2025-01-27 03:42:01,602 [INFO] Epoch 23: Loss=17.8347, BPR Loss=0.6931, Contrast Loss=16.0939
Recall@20=0.0185, NDCG@20=0.0116, Recall@40=0.0294, NDCG@40=0.0145, MAD=13917.2246
2025-01-27 03:50:06,030 [INFO] Epoch 24: Loss=17.8220, BPR Loss=0.6931, Contrast Loss=16.0884
Recall@20=0.0179, NDCG@20=0.0114, Recall@40=0.0276, NDCG@40=0.0140, MAD=13941.2216
2025-01-27 03:54:38,561 [INFO] Epoch 25: Loss=17.8128, BPR Loss=0.6931, Contrast Loss=16.0841
Recall@20=0.0184, NDCG@20=0.0118, Recall@40=0.0286, NDCG@40=0.0145, MAD=13915.8047
2025-01-27 04:03:04,128 [INFO] Epoch 26: Loss=17.2760, BPR Loss=0.6931, Contrast Loss=15.9240
Recall@20=0.0157, NDCG@20=0.0094, Recall@40=0.0249, NDCG@40=0.0118, MAD=13957.3305
2025-01-27 04:07:46,940 [INFO] Epoch 27: Loss=17.2491, BPR Loss=0.6931, Contrast Loss=15.9225
Recall@20=0.0154, NDCG@20=0.0094, Recall@40=0.0251, NDCG@40=0.0119, MAD=13923.3365
2025-01-27 04:12:31,646 [INFO] Epoch 28: Loss=17.2350, BPR Loss=0.6931, Contrast Loss=15.9155
Recall@20=0.0157, NDCG@20=0.0092, Recall@40=0.0251, NDCG@40=0.0116, MAD=13934.5592
2025-01-27 04:17:06,115 [INFO] Epoch 29: Loss=17.2185, BPR Loss=0.6931, Contrast Loss=15.9089
Recall@20=0.0153, NDCG@20=0.0095, Recall@40=0.0248, NDCG@40=0.0120, MAD=13950.9829
2025-01-27 04:25:40,908 [INFO] Epoch 30: Loss=17.2116, BPR Loss=0.6931, Contrast Loss=15.9055
Recall@20=0.0153, NDCG@20=0.0088, Recall@40=0.0244, NDCG@40=0.0113, MAD=13933.4529
2025-01-27 04:31:24,603 [INFO] Epoch 31: Loss=17.2018, BPR Loss=0.6931, Contrast Loss=15.9005
Recall@20=0.0156, NDCG@20=0.0092, Recall@40=0.0251, NDCG@40=0.0117, MAD=13927.9786
2025-01-27 04:37:30,632 [INFO] Epoch 32: Loss=16.8746, BPR Loss=0.6931, Contrast Loss=15.7778
Recall@20=0.0134, NDCG@20=0.0075, Recall@40=0.0215, NDCG@40=0.0097, MAD=13998.9092
2025-01-27 04:43:31,969 [INFO] Epoch 33: Loss=16.8491, BPR Loss=0.6931, Contrast Loss=15.7825
Recall@20=0.0130, NDCG@20=0.0070, Recall@40=0.0208, NDCG@40=0.0091, MAD=13964.1608
2025-01-27 04:50:08,084 [INFO] Epoch 34: Loss=16.8473, BPR Loss=0.6931, Contrast Loss=15.7806
Recall@20=0.0133, NDCG@20=0.0068, Recall@40=0.0210, NDCG@40=0.0088, MAD=13977.2509
2025-01-27 04:55:49,717 [INFO] Epoch 35: Loss=16.8395, BPR Loss=0.6931, Contrast Loss=15.7769
Recall@20=0.0133, NDCG@20=0.0068, Recall@40=0.0208, NDCG@40=0.0088, MAD=13984.1680
2025-01-27 05:01:54,049 [INFO] Epoch 36: Loss=16.8321, BPR Loss=0.6931, Contrast Loss=15.7747
Recall@20=0.0132, NDCG@20=0.0066, Recall@40=0.0204, NDCG@40=0.0085, MAD=13990.3924
2025-01-27 05:07:50,003 [INFO] Epoch 37: Loss=16.8274, BPR Loss=0.6931, Contrast Loss=15.7722
Recall@20=0.0131, NDCG@20=0.0067, Recall@40=0.0207, NDCG@40=0.0087, MAD=13968.4047
2025-01-27 05:12:44,642 [INFO] Epoch 38: Loss=16.6364, BPR Loss=0.6931, Contrast Loss=15.6814
Recall@20=0.0115, NDCG@20=0.0052, Recall@40=0.0183, NDCG@40=0.0070, MAD=14024.0689
2025-01-27 05:17:08,099 [INFO] Epoch 39: Loss=16.5975, BPR Loss=0.6931, Contrast Loss=15.6792
Recall@20=0.0111, NDCG@20=0.0046, Recall@40=0.0185, NDCG@40=0.0065, MAD=14034.6762
2025-01-27 05:24:57,415 [INFO] Epoch 40: Loss=16.6022, BPR Loss=0.6931, Contrast Loss=15.6838
Recall@20=0.0107, NDCG@20=0.0047, Recall@40=0.0172, NDCG@40=0.0064, MAD=14043.5424
2025-01-27 05:29:12,007 [INFO] Epoch 41: Loss=16.5981, BPR Loss=0.6931, Contrast Loss=15.6827
Recall@20=0.0108, NDCG@20=0.0044, Recall@40=0.0174, NDCG@40=0.0062, MAD=14038.1554
2025-01-27 05:33:38,246 [INFO] Epoch 42: Loss=16.5954, BPR Loss=0.6931, Contrast Loss=15.6819
Recall@20=0.0110, NDCG@20=0.0046, Recall@40=0.0177, NDCG@40=0.0064, MAD=14029.6426
2025-01-27 05:38:07,701 [INFO] Epoch 43: Loss=16.5922, BPR Loss=0.6931, Contrast Loss=15.6806
Recall@20=0.0110, NDCG@20=0.0050, Recall@40=0.0173, NDCG@40=0.0066, MAD=14032.5786
2025-01-27 05:42:24,096 [INFO] Epoch 44: Loss=16.4889, BPR Loss=0.6931, Contrast Loss=15.6181
Recall@20=0.0099, NDCG@20=0.0038, Recall@40=0.0160, NDCG@40=0.0055, MAD=14055.2625
2025-01-27 05:46:58,547 [INFO] Epoch 45: Loss=16.4512, BPR Loss=0.6931, Contrast Loss=15.6098
Recall@20=0.0085, NDCG@20=0.0032, Recall@40=0.0152, NDCG@40=0.0050, MAD=14081.6649
2025-01-27 05:51:58,891 [INFO] Epoch 46: Loss=16.4490, BPR Loss=0.6931, Contrast Loss=15.6122
Recall@20=0.0079, NDCG@20=0.0030, Recall@40=0.0152, NDCG@40=0.0049, MAD=14095.6613
2025-01-27 05:56:52,814 [INFO] Epoch 47: Loss=16.4501, BPR Loss=0.6931, Contrast Loss=15.6145
Recall@20=0.0072, NDCG@20=0.0027, Recall@40=0.0150, NDCG@40=0.0048, MAD=14095.6388
2025-01-27 06:05:14,117 [INFO] Epoch 48: Loss=16.4488, BPR Loss=0.6931, Contrast Loss=15.6149
Recall@20=0.0079, NDCG@20=0.0030, Recall@40=0.0150, NDCG@40=0.0049, MAD=14084.3250
2025-01-27 06:10:02,895 [INFO] Epoch 49: Loss=16.4482, BPR Loss=0.6931, Contrast Loss=15.6160
Recall@20=0.0072, NDCG@20=0.0026, Recall@40=0.0143, NDCG@40=0.0046, MAD=14084.3391
2025-01-27 06:14:15,980 [INFO] Epoch 50: Loss=16.3925, BPR Loss=0.6931, Contrast Loss=15.5747
Recall@20=0.0075, NDCG@20=0.0028, Recall@40=0.0146, NDCG@40=0.0047, MAD=14099.6078
2025-01-27 06:14:15,988 [INFO] Best model at epoch 1 with Recall@20=0.0269
2025-01-27 06:14:16,179 [INFO] 
Experiments completed. Results saved in comparative_results.csv
